{
  "stats": {
    "suites": 4,
    "tests": 12,
    "passes": 11,
    "pending": 0,
    "failures": 1,
    "start": "2017-11-23T12:53:09.123Z",
    "end": "2017-11-23T12:53:57.559Z",
    "duration": 48436,
    "testsRegistered": 12,
    "passPercent": 91.7,
    "pendingPercent": 0,
    "other": 0,
    "hasOther": false,
    "skipped": 0,
    "hasSkipped": false,
    "passPercentClass": "success",
    "pendingPercentClass": "danger"
  },
  "suites": {
    "title": "",
    "suites": [
      {
        "title": "Test login",
        "suites": [],
        "tests": [
          {
            "title": "test visible @login",
            "fullTitle": "Test login: test visible @login",
            "timedOut": false,
            "duration": 366,
            "state": "passed",
            "speed": "slow",
            "pass": true,
            "fail": false,
            "pending": false,
            "code": "I.seeInTitle('Data processing point');\nI.waitForText('LOGIN TO YOUR ACCOUNT');",
            "err": {},
            "isRoot": false,
            "uuid": "35e8b9e3-5dda-49a3-8917-7049820ef533",
            "parentUUID": "a1982e7a-3a90-488e-a784-e9c29fbbaf9a",
            "isHook": false,
            "skipped": false
          },
          {
            "title": "login positive @login",
            "fullTitle": "Test login: login positive @login",
            "timedOut": false,
            "duration": 1270,
            "state": "passed",
            "speed": "slow",
            "pass": true,
            "fail": false,
            "pending": false,
            "code": "loginPage.sendForm('admin@admin.com', 'qweqwe');\nI.seeInCurrentUrl('/users');",
            "err": {},
            "isRoot": false,
            "uuid": "b0c198cc-a60c-4f72-906a-e894e75f19cd",
            "parentUUID": "a1982e7a-3a90-488e-a784-e9c29fbbaf9a",
            "isHook": false,
            "skipped": false
          },
          {
            "title": "login with empty fields @login",
            "fullTitle": "Test login: login with empty fields @login",
            "timedOut": false,
            "duration": 647,
            "state": "passed",
            "speed": "slow",
            "pass": true,
            "fail": false,
            "pending": false,
            "code": "loginPage.sendForm('', '');\nI.seeElement('button[disabled]');",
            "err": {},
            "isRoot": false,
            "uuid": "df41e32d-b256-4f52-88f2-b02f0479cf67",
            "parentUUID": "a1982e7a-3a90-488e-a784-e9c29fbbaf9a",
            "isHook": false,
            "skipped": false
          },
          {
            "title": "login with incorrect data @login",
            "fullTitle": "Test login: login with incorrect data @login",
            "timedOut": false,
            "duration": 1192,
            "state": "passed",
            "speed": "slow",
            "pass": true,
            "fail": false,
            "pending": false,
            "code": "let emailIncorrect = \"mail\" + Math.floor(Math.random()*100) + \"@mail.com\";\nlet passwordIncorrect = Math.floor(Math.random()*100);\nloginPage.sendForm(emailIncorrect, passwordIncorrect);\nI.see('Incorrect password or e-mail entered. Please try again.');",
            "err": {},
            "isRoot": false,
            "uuid": "ea44229b-98af-414a-b689-feaff8b5a603",
            "parentUUID": "a1982e7a-3a90-488e-a784-e9c29fbbaf9a",
            "isHook": false,
            "skipped": false
          }
        ],
        "pending": [],
        "root": false,
        "_timeout": 0,
        "file": "\\login_test.js",
        "uuid": "a1982e7a-3a90-488e-a784-e9c29fbbaf9a",
        "beforeHooks": [
          {
            "title": "\"before all\" hook: codeceptjs.beforeSuite",
            "fullTitle": "Test login: \"before all\" hook: codeceptjs.beforeSuite",
            "timedOut": false,
            "duration": 3160,
            "pass": false,
            "fail": false,
            "pending": false,
            "code": "scenario.suiteSetup(suite)",
            "err": {},
            "isRoot": false,
            "uuid": "8d99233f-39c0-4ee4-ac09-d352d40eaf01",
            "parentUUID": "a1982e7a-3a90-488e-a784-e9c29fbbaf9a",
            "isHook": true,
            "skipped": false
          },
          {
            "title": "\"before each\" hook: codeceptjs.before",
            "fullTitle": "Test login: \"before each\" hook: codeceptjs.before",
            "timedOut": false,
            "duration": 0,
            "pass": false,
            "fail": false,
            "pending": false,
            "code": "scenario.setup(suite)",
            "err": {},
            "isRoot": false,
            "uuid": "5441d31a-b57e-4dab-9577-c9cc1ed063c1",
            "parentUUID": "a1982e7a-3a90-488e-a784-e9c29fbbaf9a",
            "isHook": true,
            "skipped": false
          },
          {
            "title": "\"before each\" hook: Before",
            "fullTitle": "Test login: \"before each\" hook: Before",
            "timedOut": false,
            "duration": 481,
            "pass": false,
            "fail": false,
            "pending": false,
            "code": "I.amOnPage('/');",
            "err": {},
            "isRoot": false,
            "uuid": "5730371d-6848-4e36-a1b0-dae796f53245",
            "parentUUID": "a1982e7a-3a90-488e-a784-e9c29fbbaf9a",
            "isHook": true,
            "skipped": false
          }
        ],
        "afterHooks": [
          {
            "title": "\"after all\" hook: codeceptjs.afterSuite",
            "fullTitle": "Test login: \"after all\" hook: codeceptjs.afterSuite",
            "timedOut": false,
            "duration": 1,
            "pass": false,
            "fail": false,
            "pending": false,
            "code": "scenario.suiteTeardown(suite)",
            "err": {},
            "isRoot": false,
            "uuid": "12b88c74-ef1e-4d51-ab0f-d29f36c38123",
            "parentUUID": "a1982e7a-3a90-488e-a784-e9c29fbbaf9a",
            "isHook": true,
            "skipped": false
          },
          {
            "title": "\"after each\" hook: finalize codeceptjs",
            "fullTitle": "Test login: \"after each\" hook: finalize codeceptjs",
            "timedOut": false,
            "duration": 27,
            "pass": false,
            "fail": false,
            "pending": false,
            "code": "scenario.teardown(suite)",
            "err": {},
            "isRoot": false,
            "uuid": "892bb1f9-0284-4699-b913-6f99473fd9fd",
            "parentUUID": "a1982e7a-3a90-488e-a784-e9c29fbbaf9a",
            "isHook": true,
            "skipped": false
          }
        ],
        "fullFile": "C:\\Users\\chief\\DPP\\CodeceptJS\\try2\\login_test.js",
        "passes": [
          {
            "title": "test visible @login",
            "fullTitle": "Test login: test visible @login",
            "timedOut": false,
            "duration": 366,
            "state": "passed",
            "speed": "slow",
            "pass": true,
            "fail": false,
            "pending": false,
            "code": "I.seeInTitle('Data processing point');\nI.waitForText('LOGIN TO YOUR ACCOUNT');",
            "err": {},
            "isRoot": false,
            "uuid": "35e8b9e3-5dda-49a3-8917-7049820ef533",
            "parentUUID": "a1982e7a-3a90-488e-a784-e9c29fbbaf9a",
            "isHook": false,
            "skipped": false
          },
          {
            "title": "login positive @login",
            "fullTitle": "Test login: login positive @login",
            "timedOut": false,
            "duration": 1270,
            "state": "passed",
            "speed": "slow",
            "pass": true,
            "fail": false,
            "pending": false,
            "code": "loginPage.sendForm('admin@admin.com', 'qweqwe');\nI.seeInCurrentUrl('/users');",
            "err": {},
            "isRoot": false,
            "uuid": "b0c198cc-a60c-4f72-906a-e894e75f19cd",
            "parentUUID": "a1982e7a-3a90-488e-a784-e9c29fbbaf9a",
            "isHook": false,
            "skipped": false
          },
          {
            "title": "login with empty fields @login",
            "fullTitle": "Test login: login with empty fields @login",
            "timedOut": false,
            "duration": 647,
            "state": "passed",
            "speed": "slow",
            "pass": true,
            "fail": false,
            "pending": false,
            "code": "loginPage.sendForm('', '');\nI.seeElement('button[disabled]');",
            "err": {},
            "isRoot": false,
            "uuid": "df41e32d-b256-4f52-88f2-b02f0479cf67",
            "parentUUID": "a1982e7a-3a90-488e-a784-e9c29fbbaf9a",
            "isHook": false,
            "skipped": false
          },
          {
            "title": "login with incorrect data @login",
            "fullTitle": "Test login: login with incorrect data @login",
            "timedOut": false,
            "duration": 1192,
            "state": "passed",
            "speed": "slow",
            "pass": true,
            "fail": false,
            "pending": false,
            "code": "let emailIncorrect = \"mail\" + Math.floor(Math.random()*100) + \"@mail.com\";\nlet passwordIncorrect = Math.floor(Math.random()*100);\nloginPage.sendForm(emailIncorrect, passwordIncorrect);\nI.see('Incorrect password or e-mail entered. Please try again.');",
            "err": {},
            "isRoot": false,
            "uuid": "ea44229b-98af-414a-b689-feaff8b5a603",
            "parentUUID": "a1982e7a-3a90-488e-a784-e9c29fbbaf9a",
            "isHook": false,
            "skipped": false
          }
        ],
        "failures": [],
        "skipped": [],
        "hasBeforeHooks": true,
        "hasAfterHooks": true,
        "hasTests": true,
        "hasSuites": false,
        "totalTests": 4,
        "totalPasses": 4,
        "totalFailures": 0,
        "totalPending": 0,
        "totalSkipped": 0,
        "hasPasses": true,
        "hasFailures": false,
        "hasPending": false,
        "hasSkipped": false,
        "duration": 3475,
        "rootEmpty": false
      },
      {
        "title": "Partners",
        "suites": [],
        "tests": [
          {
            "title": "create partner @partners",
            "fullTitle": "Partners: create partner @partners",
            "timedOut": false,
            "duration": 3865,
            "state": "passed",
            "speed": "slow",
            "pass": true,
            "fail": false,
            "pending": false,
            "code": "partnersPage.createNewPartner(partnerName, partnerEmail, partnerCompany, partnerPhone, note, operationNumber, institutionIdentifier);\nI.waitForText(partnerName, 5);\nI.see(partnerName);",
            "err": {},
            "isRoot": false,
            "uuid": "2c14f193-6b47-4f64-a96b-0bc428256f20",
            "parentUUID": "b7d42ff6-e768-4f68-8847-96d74d5ab311",
            "isHook": false,
            "skipped": false
          },
          {
            "title": "edit created partner @partners",
            "fullTitle": "Partners: edit created partner @partners",
            "timedOut": false,
            "duration": 3217,
            "state": "passed",
            "speed": "slow",
            "pass": true,
            "fail": false,
            "pending": false,
            "code": "partnersPage.editCreatedPartner(editPartnerName, editPartnerEmail, editPartnerPhone);\nI.waitForText(editPartnerName, 5);\nI.see(editPartnerName);\nI.see(editPartnerEmail);\nI.see(editPartnerPhone);",
            "err": {},
            "isRoot": false,
            "uuid": "bd91f39d-a007-4a91-8ba5-d949143bff45",
            "parentUUID": "b7d42ff6-e768-4f68-8847-96d74d5ab311",
            "isHook": false,
            "skipped": false
          },
          {
            "title": "copy edited partner @partners",
            "fullTitle": "Partners: copy edited partner @partners",
            "timedOut": false,
            "duration": 1205,
            "state": "passed",
            "speed": "slow",
            "pass": true,
            "fail": false,
            "pending": false,
            "code": "partnersPage.copyEditedPartner();\nI.waitForElement('[name=form]');",
            "err": {},
            "isRoot": false,
            "uuid": "ed34c2c6-164d-45fd-a48d-3bd375cfed08",
            "parentUUID": "b7d42ff6-e768-4f68-8847-96d74d5ab311",
            "isHook": false,
            "skipped": false
          },
          {
            "title": "delete created partner @partners",
            "fullTitle": "Partners: delete created partner @partners",
            "timedOut": false,
            "duration": 1655,
            "state": "passed",
            "speed": "slow",
            "pass": true,
            "fail": false,
            "pending": false,
            "code": "partnersPage.deleteCreatedPartner();\nI.dontSee(editPartnerName);",
            "err": {},
            "isRoot": false,
            "uuid": "9174649b-eddd-4014-adb5-29b6744581fb",
            "parentUUID": "b7d42ff6-e768-4f68-8847-96d74d5ab311",
            "isHook": false,
            "skipped": false
          }
        ],
        "pending": [],
        "root": false,
        "_timeout": 0,
        "file": "\\partners_test.js",
        "uuid": "b7d42ff6-e768-4f68-8847-96d74d5ab311",
        "beforeHooks": [
          {
            "title": "\"before all\" hook: codeceptjs.beforeSuite",
            "fullTitle": "Partners: \"before all\" hook: codeceptjs.beforeSuite",
            "timedOut": false,
            "duration": 0,
            "pass": false,
            "fail": false,
            "pending": false,
            "code": "scenario.suiteSetup(suite)",
            "err": {},
            "isRoot": false,
            "uuid": "40aaeae9-4ab5-4f9f-b3e3-15093607b35a",
            "parentUUID": "b7d42ff6-e768-4f68-8847-96d74d5ab311",
            "isHook": true,
            "skipped": false
          },
          {
            "title": "\"before each\" hook: codeceptjs.before",
            "fullTitle": "Partners: \"before each\" hook: codeceptjs.before",
            "timedOut": false,
            "duration": 0,
            "pass": false,
            "fail": false,
            "pending": false,
            "code": "scenario.setup(suite)",
            "err": {},
            "isRoot": false,
            "uuid": "69905ae7-9aca-468d-a562-7ccb3ab34b31",
            "parentUUID": "b7d42ff6-e768-4f68-8847-96d74d5ab311",
            "isHook": true,
            "skipped": false
          },
          {
            "title": "\"before each\" hook: Before",
            "fullTitle": "Partners: \"before each\" hook: Before",
            "timedOut": false,
            "duration": 2047,
            "pass": false,
            "fail": false,
            "pending": false,
            "code": "I.amOnPage('/');\nloginPage.sendForm('admin@admin.com', 'qweqwe');\npartnerName = \"user\" + Math.floor(Math.random()*100);\npartnerEmail = \"mail\" + Math.floor(Math.random()*100) + \"@mail.com\";;\npartnerCompany = \"LTD\" + Math.floor(Math.random()*100);\npartnerPhone = Math.floor(Math.random()*1000);\nnote = \"This information about \" + partnerName + \" is very impotent\";\noperationNumber =  Math.floor(Math.random()*1000);\ninstitutionIdentifier = Math.floor(Math.random()*1000);\nI.click('[href=\"/partners\"]');\neditPartnerName = \"Change \" + partnerName;\neditPartnerEmail = \"new_\" + partnerEmail;\neditPartnerPhone = Math.floor(Math.random()*100000);",
            "err": {},
            "isRoot": false,
            "uuid": "171f96fb-febd-4716-bbca-6a0ec4af725b",
            "parentUUID": "b7d42ff6-e768-4f68-8847-96d74d5ab311",
            "isHook": true,
            "skipped": false
          }
        ],
        "afterHooks": [
          {
            "title": "\"after all\" hook: codeceptjs.afterSuite",
            "fullTitle": "Partners: \"after all\" hook: codeceptjs.afterSuite",
            "timedOut": false,
            "duration": 0,
            "pass": false,
            "fail": false,
            "pending": false,
            "code": "scenario.suiteTeardown(suite)",
            "err": {},
            "isRoot": false,
            "uuid": "2fd419ce-6118-40ed-80ff-f4ed98114fa6",
            "parentUUID": "b7d42ff6-e768-4f68-8847-96d74d5ab311",
            "isHook": true,
            "skipped": false
          },
          {
            "title": "\"after each\" hook: finalize codeceptjs",
            "fullTitle": "Partners: \"after each\" hook: finalize codeceptjs",
            "timedOut": false,
            "duration": 36,
            "pass": false,
            "fail": false,
            "pending": false,
            "code": "scenario.teardown(suite)",
            "err": {},
            "isRoot": false,
            "uuid": "797ba5e5-e5d0-48bf-bc16-fd305ca34d93",
            "parentUUID": "b7d42ff6-e768-4f68-8847-96d74d5ab311",
            "isHook": true,
            "skipped": false
          }
        ],
        "fullFile": "C:\\Users\\chief\\DPP\\CodeceptJS\\try2\\partners_test.js",
        "passes": [
          {
            "title": "create partner @partners",
            "fullTitle": "Partners: create partner @partners",
            "timedOut": false,
            "duration": 3865,
            "state": "passed",
            "speed": "slow",
            "pass": true,
            "fail": false,
            "pending": false,
            "code": "partnersPage.createNewPartner(partnerName, partnerEmail, partnerCompany, partnerPhone, note, operationNumber, institutionIdentifier);\nI.waitForText(partnerName, 5);\nI.see(partnerName);",
            "err": {},
            "isRoot": false,
            "uuid": "2c14f193-6b47-4f64-a96b-0bc428256f20",
            "parentUUID": "b7d42ff6-e768-4f68-8847-96d74d5ab311",
            "isHook": false,
            "skipped": false
          },
          {
            "title": "edit created partner @partners",
            "fullTitle": "Partners: edit created partner @partners",
            "timedOut": false,
            "duration": 3217,
            "state": "passed",
            "speed": "slow",
            "pass": true,
            "fail": false,
            "pending": false,
            "code": "partnersPage.editCreatedPartner(editPartnerName, editPartnerEmail, editPartnerPhone);\nI.waitForText(editPartnerName, 5);\nI.see(editPartnerName);\nI.see(editPartnerEmail);\nI.see(editPartnerPhone);",
            "err": {},
            "isRoot": false,
            "uuid": "bd91f39d-a007-4a91-8ba5-d949143bff45",
            "parentUUID": "b7d42ff6-e768-4f68-8847-96d74d5ab311",
            "isHook": false,
            "skipped": false
          },
          {
            "title": "copy edited partner @partners",
            "fullTitle": "Partners: copy edited partner @partners",
            "timedOut": false,
            "duration": 1205,
            "state": "passed",
            "speed": "slow",
            "pass": true,
            "fail": false,
            "pending": false,
            "code": "partnersPage.copyEditedPartner();\nI.waitForElement('[name=form]');",
            "err": {},
            "isRoot": false,
            "uuid": "ed34c2c6-164d-45fd-a48d-3bd375cfed08",
            "parentUUID": "b7d42ff6-e768-4f68-8847-96d74d5ab311",
            "isHook": false,
            "skipped": false
          },
          {
            "title": "delete created partner @partners",
            "fullTitle": "Partners: delete created partner @partners",
            "timedOut": false,
            "duration": 1655,
            "state": "passed",
            "speed": "slow",
            "pass": true,
            "fail": false,
            "pending": false,
            "code": "partnersPage.deleteCreatedPartner();\nI.dontSee(editPartnerName);",
            "err": {},
            "isRoot": false,
            "uuid": "9174649b-eddd-4014-adb5-29b6744581fb",
            "parentUUID": "b7d42ff6-e768-4f68-8847-96d74d5ab311",
            "isHook": false,
            "skipped": false
          }
        ],
        "failures": [],
        "skipped": [],
        "hasBeforeHooks": true,
        "hasAfterHooks": true,
        "hasTests": true,
        "hasSuites": false,
        "totalTests": 4,
        "totalPasses": 4,
        "totalFailures": 0,
        "totalPending": 0,
        "totalSkipped": 0,
        "hasPasses": true,
        "hasFailures": false,
        "hasPending": false,
        "hasSkipped": false,
        "duration": 9942,
        "rootEmpty": false
      },
      {
        "title": "Processing points",
        "suites": [],
        "tests": [
          {
            "title": "As admin I should be able to create new process @process",
            "fullTitle": "Processing points: As admin I should be able to create new process @process",
            "timedOut": false,
            "duration": 6316,
            "state": "failed",
            "pass": false,
            "fail": true,
            "pending": false,
            "context": "\"As_admin_I_26fd0c62-de8c-4bf4-9bc9-d02085a7a2eb.failed.png\"",
            "code": "processPage.createNewProcess(processName, tagsForProcess, ownerForProcess, descriptionForProcess, user, password, port);",
            "err": {
              "message": "ReferenceError: port is not defined",
              "estack": "port is not defined"
            },
            "isRoot": false,
            "uuid": "26fd0c62-de8c-4bf4-9bc9-d02085a7a2eb",
            "parentUUID": "62e21947-bb4e-45fd-96ea-3b3bb02f25b7",
            "isHook": false,
            "skipped": false
          }
        ],
        "pending": [],
        "root": false,
        "_timeout": 0,
        "file": "\\processing_points_test.js",
        "uuid": "62e21947-bb4e-45fd-96ea-3b3bb02f25b7",
        "beforeHooks": [
          {
            "title": "\"before all\" hook: codeceptjs.beforeSuite",
            "fullTitle": "Processing points: \"before all\" hook: codeceptjs.beforeSuite",
            "timedOut": false,
            "duration": 1,
            "pass": false,
            "fail": false,
            "pending": false,
            "code": "scenario.suiteSetup(suite)",
            "err": {},
            "isRoot": false,
            "uuid": "6499de59-6952-4189-9930-bb58136c1a35",
            "parentUUID": "62e21947-bb4e-45fd-96ea-3b3bb02f25b7",
            "isHook": true,
            "skipped": false
          },
          {
            "title": "\"before each\" hook: codeceptjs.before",
            "fullTitle": "Processing points: \"before each\" hook: codeceptjs.before",
            "timedOut": false,
            "duration": 0,
            "pass": false,
            "fail": false,
            "pending": false,
            "code": "scenario.setup(suite)",
            "err": {},
            "isRoot": false,
            "uuid": "e735888b-2399-4f5f-88e2-a124a04f012d",
            "parentUUID": "62e21947-bb4e-45fd-96ea-3b3bb02f25b7",
            "isHook": true,
            "skipped": false
          },
          {
            "title": "\"before each\" hook: Before",
            "fullTitle": "Processing points: \"before each\" hook: Before",
            "timedOut": false,
            "duration": 2281,
            "pass": false,
            "fail": false,
            "pending": false,
            "code": "I.amOnPage('/');\nloginPage.sendForm('admin@admin.com', 'qweqwe');\nI.click('[href=\"/points\"]');\nprocessName = \"Proccess\" + Math.floor(Math.random()*1000);\ntagsForProcess = Math.floor(Math.random()*10000);\nownerForProcess = \"Owner\" + Math.floor(Math.random()*100);\ndescriptionForProcess = \"This information about \" + processName + \" with this \" + tagsForProcess + \" and this \" + ownerForProcess + \" is very impotent\";\nuser = \"User\" + Math.floor(Math.random()*1000);\npassword =  Date.now();\nport = Math.floor(Math.random()*100);",
            "err": {},
            "isRoot": false,
            "uuid": "4dcee7c0-a208-446b-9487-da41ad5e7756",
            "parentUUID": "62e21947-bb4e-45fd-96ea-3b3bb02f25b7",
            "isHook": true,
            "skipped": false
          }
        ],
        "afterHooks": [
          {
            "title": "\"after all\" hook: codeceptjs.afterSuite",
            "fullTitle": "Processing points: \"after all\" hook: codeceptjs.afterSuite",
            "timedOut": false,
            "duration": 0,
            "pass": false,
            "fail": false,
            "pending": false,
            "code": "scenario.suiteTeardown(suite)",
            "err": {},
            "isRoot": false,
            "uuid": "0f87b682-8ec0-4abb-85c6-ef94668287c5",
            "parentUUID": "62e21947-bb4e-45fd-96ea-3b3bb02f25b7",
            "isHook": true,
            "skipped": false
          },
          {
            "title": "\"after each\" hook: finalize codeceptjs",
            "fullTitle": "Processing points: \"after each\" hook: finalize codeceptjs",
            "timedOut": false,
            "duration": 27,
            "pass": false,
            "fail": false,
            "pending": false,
            "code": "scenario.teardown(suite)",
            "err": {},
            "isRoot": false,
            "uuid": "2ec288e9-4682-4e06-aa9a-f14c9f44f883",
            "parentUUID": "62e21947-bb4e-45fd-96ea-3b3bb02f25b7",
            "isHook": true,
            "skipped": false
          }
        ],
        "fullFile": "C:\\Users\\chief\\DPP\\CodeceptJS\\try2\\processing_points_test.js",
        "passes": [],
        "failures": [
          {
            "title": "As admin I should be able to create new process @process",
            "fullTitle": "Processing points: As admin I should be able to create new process @process",
            "timedOut": false,
            "duration": 6316,
            "state": "failed",
            "pass": false,
            "fail": true,
            "pending": false,
            "context": "\"As_admin_I_26fd0c62-de8c-4bf4-9bc9-d02085a7a2eb.failed.png\"",
            "code": "processPage.createNewProcess(processName, tagsForProcess, ownerForProcess, descriptionForProcess, user, password, port);",
            "err": {
              "message": "ReferenceError: port is not defined",
              "estack": "port is not defined"
            },
            "isRoot": false,
            "uuid": "26fd0c62-de8c-4bf4-9bc9-d02085a7a2eb",
            "parentUUID": "62e21947-bb4e-45fd-96ea-3b3bb02f25b7",
            "isHook": false,
            "skipped": false
          }
        ],
        "skipped": [],
        "hasBeforeHooks": true,
        "hasAfterHooks": true,
        "hasTests": true,
        "hasSuites": false,
        "totalTests": 1,
        "totalPasses": 0,
        "totalFailures": 1,
        "totalPending": 0,
        "totalSkipped": 0,
        "hasPasses": false,
        "hasFailures": true,
        "hasPending": false,
        "hasSkipped": false,
        "duration": 6316,
        "rootEmpty": false
      },
      {
        "title": "Users",
        "suites": [],
        "tests": [
          {
            "title": "create user @users",
            "fullTitle": "Users: create user @users",
            "timedOut": false,
            "duration": 3210,
            "state": "passed",
            "speed": "slow",
            "pass": true,
            "fail": false,
            "pending": false,
            "code": "usersPage.createNewUser(userName, userEmail, userPassword, userPhone);\nI.waitForText(userName, 5);\nI.see(userName);",
            "err": {},
            "isRoot": false,
            "uuid": "0acb1d14-fc35-4e49-882b-373aee609f69",
            "parentUUID": "0491a9ac-e3ae-480c-9e01-199b1deb1438",
            "isHook": false,
            "skipped": false
          },
          {
            "title": "edit created user @users",
            "fullTitle": "Users: edit created user @users",
            "timedOut": false,
            "duration": 2396,
            "state": "passed",
            "speed": "slow",
            "pass": true,
            "fail": false,
            "pending": false,
            "code": "usersPage.editCreatedUser(editUserName);\nI.waitForText(editUserName, 5);\nI.see(editUserName);",
            "err": {},
            "isRoot": false,
            "uuid": "5ce36a3a-28d7-4ad2-bd04-64c73dcbe430",
            "parentUUID": "0491a9ac-e3ae-480c-9e01-199b1deb1438",
            "isHook": false,
            "skipped": false
          },
          {
            "title": "delete created user @users",
            "fullTitle": "Users: delete created user @users",
            "timedOut": false,
            "duration": 1751,
            "state": "passed",
            "speed": "slow",
            "pass": true,
            "fail": false,
            "pending": false,
            "code": "usersPage.deleteCreatedUser();\nI.dontSee(editUserName);",
            "err": {},
            "isRoot": false,
            "uuid": "65dd8e41-2b13-47d4-914a-dc7fda53dc8d",
            "parentUUID": "0491a9ac-e3ae-480c-9e01-199b1deb1438",
            "isHook": false,
            "skipped": false
          }
        ],
        "pending": [],
        "root": false,
        "_timeout": 0,
        "file": "\\users_test.js",
        "uuid": "0491a9ac-e3ae-480c-9e01-199b1deb1438",
        "beforeHooks": [
          {
            "title": "\"before all\" hook: codeceptjs.beforeSuite",
            "fullTitle": "Users: \"before all\" hook: codeceptjs.beforeSuite",
            "timedOut": false,
            "duration": 1,
            "pass": false,
            "fail": false,
            "pending": false,
            "code": "scenario.suiteSetup(suite)",
            "err": {},
            "isRoot": false,
            "uuid": "97331519-2277-46f2-9ef2-a0a61b263071",
            "parentUUID": "0491a9ac-e3ae-480c-9e01-199b1deb1438",
            "isHook": true,
            "skipped": false
          },
          {
            "title": "\"before each\" hook: codeceptjs.before",
            "fullTitle": "Users: \"before each\" hook: codeceptjs.before",
            "timedOut": false,
            "duration": 1,
            "pass": false,
            "fail": false,
            "pending": false,
            "code": "scenario.setup(suite)",
            "err": {},
            "isRoot": false,
            "uuid": "3eae8d39-28bf-447b-a56d-762dc118fb3a",
            "parentUUID": "0491a9ac-e3ae-480c-9e01-199b1deb1438",
            "isHook": true,
            "skipped": false
          },
          {
            "title": "\"before each\" hook: Before",
            "fullTitle": "Users: \"before each\" hook: Before",
            "timedOut": false,
            "duration": 1145,
            "pass": false,
            "fail": false,
            "pending": false,
            "code": "I.amOnPage('/');\nloginPage.sendForm('admin@admin.com', 'qweqwe');\nuserName = \"user\" + Math.floor(Math.random()*100);\nuserEmail = \"mail\" + Math.floor(Math.random()*100) + \"@mail.com\";\nuserPassword = \"password\" + Math.floor(Math.random()*100);\nuserPhone = Math.floor(Math.random()*100) + \"-\" + Math.floor(Math.random()*100);\neditUserName = \"Change \" + userName;",
            "err": {},
            "isRoot": false,
            "uuid": "17d725ad-2bc6-4845-8818-1d6d3a2ec7c0",
            "parentUUID": "0491a9ac-e3ae-480c-9e01-199b1deb1438",
            "isHook": true,
            "skipped": false
          }
        ],
        "afterHooks": [
          {
            "title": "\"after all\" hook: codeceptjs.afterSuite",
            "fullTitle": "Users: \"after all\" hook: codeceptjs.afterSuite",
            "timedOut": false,
            "duration": 0,
            "pass": false,
            "fail": false,
            "pending": false,
            "code": "scenario.suiteTeardown(suite)",
            "err": {},
            "isRoot": false,
            "uuid": "1595e3ac-eba9-4357-b753-a7adc75f8c57",
            "parentUUID": "0491a9ac-e3ae-480c-9e01-199b1deb1438",
            "isHook": true,
            "skipped": false
          },
          {
            "title": "\"after each\" hook: finalize codeceptjs",
            "fullTitle": "Users: \"after each\" hook: finalize codeceptjs",
            "timedOut": false,
            "duration": 27,
            "pass": false,
            "fail": false,
            "pending": false,
            "code": "scenario.teardown(suite)",
            "err": {},
            "isRoot": false,
            "uuid": "3f4504df-fb86-4235-ad6b-4d47d427bc7a",
            "parentUUID": "0491a9ac-e3ae-480c-9e01-199b1deb1438",
            "isHook": true,
            "skipped": false
          }
        ],
        "fullFile": "C:\\Users\\chief\\DPP\\CodeceptJS\\try2\\users_test.js",
        "passes": [
          {
            "title": "create user @users",
            "fullTitle": "Users: create user @users",
            "timedOut": false,
            "duration": 3210,
            "state": "passed",
            "speed": "slow",
            "pass": true,
            "fail": false,
            "pending": false,
            "code": "usersPage.createNewUser(userName, userEmail, userPassword, userPhone);\nI.waitForText(userName, 5);\nI.see(userName);",
            "err": {},
            "isRoot": false,
            "uuid": "0acb1d14-fc35-4e49-882b-373aee609f69",
            "parentUUID": "0491a9ac-e3ae-480c-9e01-199b1deb1438",
            "isHook": false,
            "skipped": false
          },
          {
            "title": "edit created user @users",
            "fullTitle": "Users: edit created user @users",
            "timedOut": false,
            "duration": 2396,
            "state": "passed",
            "speed": "slow",
            "pass": true,
            "fail": false,
            "pending": false,
            "code": "usersPage.editCreatedUser(editUserName);\nI.waitForText(editUserName, 5);\nI.see(editUserName);",
            "err": {},
            "isRoot": false,
            "uuid": "5ce36a3a-28d7-4ad2-bd04-64c73dcbe430",
            "parentUUID": "0491a9ac-e3ae-480c-9e01-199b1deb1438",
            "isHook": false,
            "skipped": false
          },
          {
            "title": "delete created user @users",
            "fullTitle": "Users: delete created user @users",
            "timedOut": false,
            "duration": 1751,
            "state": "passed",
            "speed": "slow",
            "pass": true,
            "fail": false,
            "pending": false,
            "code": "usersPage.deleteCreatedUser();\nI.dontSee(editUserName);",
            "err": {},
            "isRoot": false,
            "uuid": "65dd8e41-2b13-47d4-914a-dc7fda53dc8d",
            "parentUUID": "0491a9ac-e3ae-480c-9e01-199b1deb1438",
            "isHook": false,
            "skipped": false
          }
        ],
        "failures": [],
        "skipped": [],
        "hasBeforeHooks": true,
        "hasAfterHooks": true,
        "hasTests": true,
        "hasSuites": false,
        "totalTests": 3,
        "totalPasses": 3,
        "totalFailures": 0,
        "totalPending": 0,
        "totalSkipped": 0,
        "hasPasses": true,
        "hasFailures": false,
        "hasPending": false,
        "hasSkipped": false,
        "duration": 7357,
        "rootEmpty": false
      }
    ],
    "tests": [],
    "pending": [],
    "root": true,
    "_timeout": 0,
    "uuid": "5bea084d-9551-429e-b940-e04147aba5f4",
    "beforeHooks": [],
    "afterHooks": [],
    "fullFile": "",
    "file": "",
    "passes": [],
    "failures": [],
    "skipped": [],
    "hasBeforeHooks": false,
    "hasAfterHooks": false,
    "hasTests": false,
    "hasSuites": true,
    "totalTests": 0,
    "totalPasses": 0,
    "totalFailures": 0,
    "totalPending": 0,
    "totalSkipped": 0,
    "hasPasses": false,
    "hasFailures": false,
    "hasPending": false,
    "hasSkipped": false,
    "duration": 0,
    "rootEmpty": true
  },
  "allTests": [
    {
      "title": "test visible @login",
      "fullTitle": "Test login: test visible @login",
      "timedOut": false,
      "duration": 366,
      "state": "passed",
      "speed": "slow",
      "pass": true,
      "fail": false,
      "pending": false,
      "code": "I.seeInTitle('Data processing point');\nI.waitForText('LOGIN TO YOUR ACCOUNT');",
      "err": {},
      "isRoot": false,
      "uuid": "35e8b9e3-5dda-49a3-8917-7049820ef533",
      "parentUUID": "a1982e7a-3a90-488e-a784-e9c29fbbaf9a",
      "isHook": false,
      "skipped": false
    },
    {
      "title": "login positive @login",
      "fullTitle": "Test login: login positive @login",
      "timedOut": false,
      "duration": 1270,
      "state": "passed",
      "speed": "slow",
      "pass": true,
      "fail": false,
      "pending": false,
      "code": "loginPage.sendForm('admin@admin.com', 'qweqwe');\nI.seeInCurrentUrl('/users');",
      "err": {},
      "isRoot": false,
      "uuid": "b0c198cc-a60c-4f72-906a-e894e75f19cd",
      "parentUUID": "a1982e7a-3a90-488e-a784-e9c29fbbaf9a",
      "isHook": false,
      "skipped": false
    },
    {
      "title": "login with empty fields @login",
      "fullTitle": "Test login: login with empty fields @login",
      "timedOut": false,
      "duration": 647,
      "state": "passed",
      "speed": "slow",
      "pass": true,
      "fail": false,
      "pending": false,
      "code": "loginPage.sendForm('', '');\nI.seeElement('button[disabled]');",
      "err": {},
      "isRoot": false,
      "uuid": "df41e32d-b256-4f52-88f2-b02f0479cf67",
      "parentUUID": "a1982e7a-3a90-488e-a784-e9c29fbbaf9a",
      "isHook": false,
      "skipped": false
    },
    {
      "title": "login with incorrect data @login",
      "fullTitle": "Test login: login with incorrect data @login",
      "timedOut": false,
      "duration": 1192,
      "state": "passed",
      "speed": "slow",
      "pass": true,
      "fail": false,
      "pending": false,
      "code": "let emailIncorrect = \"mail\" + Math.floor(Math.random()*100) + \"@mail.com\";\nlet passwordIncorrect = Math.floor(Math.random()*100);\nloginPage.sendForm(emailIncorrect, passwordIncorrect);\nI.see('Incorrect password or e-mail entered. Please try again.');",
      "err": {},
      "isRoot": false,
      "uuid": "ea44229b-98af-414a-b689-feaff8b5a603",
      "parentUUID": "a1982e7a-3a90-488e-a784-e9c29fbbaf9a",
      "isHook": false,
      "skipped": false
    },
    {
      "title": "create partner @partners",
      "fullTitle": "Partners: create partner @partners",
      "timedOut": false,
      "duration": 3865,
      "state": "passed",
      "speed": "slow",
      "pass": true,
      "fail": false,
      "pending": false,
      "code": "partnersPage.createNewPartner(partnerName, partnerEmail, partnerCompany, partnerPhone, note, operationNumber, institutionIdentifier);\nI.waitForText(partnerName, 5);\nI.see(partnerName);",
      "err": {},
      "isRoot": false,
      "uuid": "2c14f193-6b47-4f64-a96b-0bc428256f20",
      "parentUUID": "b7d42ff6-e768-4f68-8847-96d74d5ab311",
      "isHook": false,
      "skipped": false
    },
    {
      "title": "edit created partner @partners",
      "fullTitle": "Partners: edit created partner @partners",
      "timedOut": false,
      "duration": 3217,
      "state": "passed",
      "speed": "slow",
      "pass": true,
      "fail": false,
      "pending": false,
      "code": "partnersPage.editCreatedPartner(editPartnerName, editPartnerEmail, editPartnerPhone);\nI.waitForText(editPartnerName, 5);\nI.see(editPartnerName);\nI.see(editPartnerEmail);\nI.see(editPartnerPhone);",
      "err": {},
      "isRoot": false,
      "uuid": "bd91f39d-a007-4a91-8ba5-d949143bff45",
      "parentUUID": "b7d42ff6-e768-4f68-8847-96d74d5ab311",
      "isHook": false,
      "skipped": false
    },
    {
      "title": "copy edited partner @partners",
      "fullTitle": "Partners: copy edited partner @partners",
      "timedOut": false,
      "duration": 1205,
      "state": "passed",
      "speed": "slow",
      "pass": true,
      "fail": false,
      "pending": false,
      "code": "partnersPage.copyEditedPartner();\nI.waitForElement('[name=form]');",
      "err": {},
      "isRoot": false,
      "uuid": "ed34c2c6-164d-45fd-a48d-3bd375cfed08",
      "parentUUID": "b7d42ff6-e768-4f68-8847-96d74d5ab311",
      "isHook": false,
      "skipped": false
    },
    {
      "title": "delete created partner @partners",
      "fullTitle": "Partners: delete created partner @partners",
      "timedOut": false,
      "duration": 1655,
      "state": "passed",
      "speed": "slow",
      "pass": true,
      "fail": false,
      "pending": false,
      "code": "partnersPage.deleteCreatedPartner();\nI.dontSee(editPartnerName);",
      "err": {},
      "isRoot": false,
      "uuid": "9174649b-eddd-4014-adb5-29b6744581fb",
      "parentUUID": "b7d42ff6-e768-4f68-8847-96d74d5ab311",
      "isHook": false,
      "skipped": false
    },
    {
      "title": "As admin I should be able to create new process @process",
      "fullTitle": "Processing points: As admin I should be able to create new process @process",
      "timedOut": false,
      "duration": 6316,
      "state": "failed",
      "pass": false,
      "fail": true,
      "pending": false,
      "context": "\"As_admin_I_26fd0c62-de8c-4bf4-9bc9-d02085a7a2eb.failed.png\"",
      "code": "processPage.createNewProcess(processName, tagsForProcess, ownerForProcess, descriptionForProcess, user, password, port);",
      "err": {
        "message": "ReferenceError: port is not defined",
        "estack": "port is not defined"
      },
      "isRoot": false,
      "uuid": "26fd0c62-de8c-4bf4-9bc9-d02085a7a2eb",
      "parentUUID": "62e21947-bb4e-45fd-96ea-3b3bb02f25b7",
      "isHook": false,
      "skipped": false
    },
    {
      "title": "create user @users",
      "fullTitle": "Users: create user @users",
      "timedOut": false,
      "duration": 3210,
      "state": "passed",
      "speed": "slow",
      "pass": true,
      "fail": false,
      "pending": false,
      "code": "usersPage.createNewUser(userName, userEmail, userPassword, userPhone);\nI.waitForText(userName, 5);\nI.see(userName);",
      "err": {},
      "isRoot": false,
      "uuid": "0acb1d14-fc35-4e49-882b-373aee609f69",
      "parentUUID": "0491a9ac-e3ae-480c-9e01-199b1deb1438",
      "isHook": false,
      "skipped": false
    },
    {
      "title": "edit created user @users",
      "fullTitle": "Users: edit created user @users",
      "timedOut": false,
      "duration": 2396,
      "state": "passed",
      "speed": "slow",
      "pass": true,
      "fail": false,
      "pending": false,
      "code": "usersPage.editCreatedUser(editUserName);\nI.waitForText(editUserName, 5);\nI.see(editUserName);",
      "err": {},
      "isRoot": false,
      "uuid": "5ce36a3a-28d7-4ad2-bd04-64c73dcbe430",
      "parentUUID": "0491a9ac-e3ae-480c-9e01-199b1deb1438",
      "isHook": false,
      "skipped": false
    },
    {
      "title": "delete created user @users",
      "fullTitle": "Users: delete created user @users",
      "timedOut": false,
      "duration": 1751,
      "state": "passed",
      "speed": "slow",
      "pass": true,
      "fail": false,
      "pending": false,
      "code": "usersPage.deleteCreatedUser();\nI.dontSee(editUserName);",
      "err": {},
      "isRoot": false,
      "uuid": "65dd8e41-2b13-47d4-914a-dc7fda53dc8d",
      "parentUUID": "0491a9ac-e3ae-480c-9e01-199b1deb1438",
      "isHook": false,
      "skipped": false
    }
  ],
  "allPending": [],
  "allPasses": [
    {
      "title": "test visible @login",
      "fullTitle": "Test login: test visible @login",
      "timedOut": false,
      "duration": 366,
      "state": "passed",
      "speed": "slow",
      "pass": true,
      "fail": false,
      "pending": false,
      "code": "I.seeInTitle('Data processing point');\nI.waitForText('LOGIN TO YOUR ACCOUNT');",
      "err": {},
      "isRoot": false,
      "uuid": "35e8b9e3-5dda-49a3-8917-7049820ef533",
      "parentUUID": "a1982e7a-3a90-488e-a784-e9c29fbbaf9a",
      "isHook": false,
      "skipped": false
    },
    {
      "title": "login positive @login",
      "fullTitle": "Test login: login positive @login",
      "timedOut": false,
      "duration": 1270,
      "state": "passed",
      "speed": "slow",
      "pass": true,
      "fail": false,
      "pending": false,
      "code": "loginPage.sendForm('admin@admin.com', 'qweqwe');\nI.seeInCurrentUrl('/users');",
      "err": {},
      "isRoot": false,
      "uuid": "b0c198cc-a60c-4f72-906a-e894e75f19cd",
      "parentUUID": "a1982e7a-3a90-488e-a784-e9c29fbbaf9a",
      "isHook": false,
      "skipped": false
    },
    {
      "title": "login with empty fields @login",
      "fullTitle": "Test login: login with empty fields @login",
      "timedOut": false,
      "duration": 647,
      "state": "passed",
      "speed": "slow",
      "pass": true,
      "fail": false,
      "pending": false,
      "code": "loginPage.sendForm('', '');\nI.seeElement('button[disabled]');",
      "err": {},
      "isRoot": false,
      "uuid": "df41e32d-b256-4f52-88f2-b02f0479cf67",
      "parentUUID": "a1982e7a-3a90-488e-a784-e9c29fbbaf9a",
      "isHook": false,
      "skipped": false
    },
    {
      "title": "login with incorrect data @login",
      "fullTitle": "Test login: login with incorrect data @login",
      "timedOut": false,
      "duration": 1192,
      "state": "passed",
      "speed": "slow",
      "pass": true,
      "fail": false,
      "pending": false,
      "code": "let emailIncorrect = \"mail\" + Math.floor(Math.random()*100) + \"@mail.com\";\nlet passwordIncorrect = Math.floor(Math.random()*100);\nloginPage.sendForm(emailIncorrect, passwordIncorrect);\nI.see('Incorrect password or e-mail entered. Please try again.');",
      "err": {},
      "isRoot": false,
      "uuid": "ea44229b-98af-414a-b689-feaff8b5a603",
      "parentUUID": "a1982e7a-3a90-488e-a784-e9c29fbbaf9a",
      "isHook": false,
      "skipped": false
    },
    {
      "title": "create partner @partners",
      "fullTitle": "Partners: create partner @partners",
      "timedOut": false,
      "duration": 3865,
      "state": "passed",
      "speed": "slow",
      "pass": true,
      "fail": false,
      "pending": false,
      "code": "partnersPage.createNewPartner(partnerName, partnerEmail, partnerCompany, partnerPhone, note, operationNumber, institutionIdentifier);\nI.waitForText(partnerName, 5);\nI.see(partnerName);",
      "err": {},
      "isRoot": false,
      "uuid": "2c14f193-6b47-4f64-a96b-0bc428256f20",
      "parentUUID": "b7d42ff6-e768-4f68-8847-96d74d5ab311",
      "isHook": false,
      "skipped": false
    },
    {
      "title": "edit created partner @partners",
      "fullTitle": "Partners: edit created partner @partners",
      "timedOut": false,
      "duration": 3217,
      "state": "passed",
      "speed": "slow",
      "pass": true,
      "fail": false,
      "pending": false,
      "code": "partnersPage.editCreatedPartner(editPartnerName, editPartnerEmail, editPartnerPhone);\nI.waitForText(editPartnerName, 5);\nI.see(editPartnerName);\nI.see(editPartnerEmail);\nI.see(editPartnerPhone);",
      "err": {},
      "isRoot": false,
      "uuid": "bd91f39d-a007-4a91-8ba5-d949143bff45",
      "parentUUID": "b7d42ff6-e768-4f68-8847-96d74d5ab311",
      "isHook": false,
      "skipped": false
    },
    {
      "title": "copy edited partner @partners",
      "fullTitle": "Partners: copy edited partner @partners",
      "timedOut": false,
      "duration": 1205,
      "state": "passed",
      "speed": "slow",
      "pass": true,
      "fail": false,
      "pending": false,
      "code": "partnersPage.copyEditedPartner();\nI.waitForElement('[name=form]');",
      "err": {},
      "isRoot": false,
      "uuid": "ed34c2c6-164d-45fd-a48d-3bd375cfed08",
      "parentUUID": "b7d42ff6-e768-4f68-8847-96d74d5ab311",
      "isHook": false,
      "skipped": false
    },
    {
      "title": "delete created partner @partners",
      "fullTitle": "Partners: delete created partner @partners",
      "timedOut": false,
      "duration": 1655,
      "state": "passed",
      "speed": "slow",
      "pass": true,
      "fail": false,
      "pending": false,
      "code": "partnersPage.deleteCreatedPartner();\nI.dontSee(editPartnerName);",
      "err": {},
      "isRoot": false,
      "uuid": "9174649b-eddd-4014-adb5-29b6744581fb",
      "parentUUID": "b7d42ff6-e768-4f68-8847-96d74d5ab311",
      "isHook": false,
      "skipped": false
    },
    {
      "title": "create user @users",
      "fullTitle": "Users: create user @users",
      "timedOut": false,
      "duration": 3210,
      "state": "passed",
      "speed": "slow",
      "pass": true,
      "fail": false,
      "pending": false,
      "code": "usersPage.createNewUser(userName, userEmail, userPassword, userPhone);\nI.waitForText(userName, 5);\nI.see(userName);",
      "err": {},
      "isRoot": false,
      "uuid": "0acb1d14-fc35-4e49-882b-373aee609f69",
      "parentUUID": "0491a9ac-e3ae-480c-9e01-199b1deb1438",
      "isHook": false,
      "skipped": false
    },
    {
      "title": "edit created user @users",
      "fullTitle": "Users: edit created user @users",
      "timedOut": false,
      "duration": 2396,
      "state": "passed",
      "speed": "slow",
      "pass": true,
      "fail": false,
      "pending": false,
      "code": "usersPage.editCreatedUser(editUserName);\nI.waitForText(editUserName, 5);\nI.see(editUserName);",
      "err": {},
      "isRoot": false,
      "uuid": "5ce36a3a-28d7-4ad2-bd04-64c73dcbe430",
      "parentUUID": "0491a9ac-e3ae-480c-9e01-199b1deb1438",
      "isHook": false,
      "skipped": false
    },
    {
      "title": "delete created user @users",
      "fullTitle": "Users: delete created user @users",
      "timedOut": false,
      "duration": 1751,
      "state": "passed",
      "speed": "slow",
      "pass": true,
      "fail": false,
      "pending": false,
      "code": "usersPage.deleteCreatedUser();\nI.dontSee(editUserName);",
      "err": {},
      "isRoot": false,
      "uuid": "65dd8e41-2b13-47d4-914a-dc7fda53dc8d",
      "parentUUID": "0491a9ac-e3ae-480c-9e01-199b1deb1438",
      "isHook": false,
      "skipped": false
    }
  ],
  "allFailures": [
    {
      "title": "As admin I should be able to create new process @process",
      "fullTitle": "Processing points: As admin I should be able to create new process @process",
      "timedOut": false,
      "duration": 6316,
      "state": "failed",
      "pass": false,
      "fail": true,
      "pending": false,
      "context": "\"As_admin_I_26fd0c62-de8c-4bf4-9bc9-d02085a7a2eb.failed.png\"",
      "code": "processPage.createNewProcess(processName, tagsForProcess, ownerForProcess, descriptionForProcess, user, password, port);",
      "err": {
        "message": "ReferenceError: port is not defined",
        "estack": "port is not defined"
      },
      "isRoot": false,
      "uuid": "26fd0c62-de8c-4bf4-9bc9-d02085a7a2eb",
      "parentUUID": "62e21947-bb4e-45fd-96ea-3b3bb02f25b7",
      "isHook": false,
      "skipped": false
    }
  ],
  "copyrightYear": 2017
}