{
  "stats": {
    "suites": 4,
    "tests": 15,
    "passes": 14,
    "pending": 0,
    "failures": 1,
    "start": "2017-11-27T15:08:50.355Z",
    "end": "2017-11-27T15:10:03.821Z",
    "duration": 73466,
    "testsRegistered": 15,
    "passPercent": 93.3,
    "pendingPercent": 0,
    "other": 0,
    "hasOther": false,
    "skipped": 0,
    "hasSkipped": false,
    "passPercentClass": "success",
    "pendingPercentClass": "danger"
  },
  "suites": {
    "title": "",
    "suites": [
      {
        "title": "Test login",
        "suites": [],
        "tests": [
          {
            "title": "test visible @login",
            "fullTitle": "Test login: test visible @login",
            "timedOut": false,
            "duration": 302,
            "state": "passed",
            "speed": "slow",
            "pass": true,
            "fail": false,
            "pending": false,
            "code": "I.seeInTitle('Data processing point');\nI.waitForText('LOGIN TO YOUR ACCOUNT');",
            "err": {},
            "isRoot": false,
            "uuid": "b6d91c0d-1bc8-43fe-a1ab-2aef680ca015",
            "parentUUID": "a9a7b13f-d75f-4ae1-8d1c-9cda08fe1764",
            "isHook": false,
            "skipped": false
          },
          {
            "title": "login positive @login",
            "fullTitle": "Test login: login positive @login",
            "timedOut": false,
            "duration": 1454,
            "state": "passed",
            "speed": "slow",
            "pass": true,
            "fail": false,
            "pending": false,
            "code": "loginPage.sendForm('admin@admin.com', 'qweqwe');\nI.seeInCurrentUrl('/users');",
            "err": {},
            "isRoot": false,
            "uuid": "4285d7de-c3f1-47cc-9b17-d4f59d5d51a3",
            "parentUUID": "a9a7b13f-d75f-4ae1-8d1c-9cda08fe1764",
            "isHook": false,
            "skipped": false
          },
          {
            "title": "login with empty fields @login",
            "fullTitle": "Test login: login with empty fields @login",
            "timedOut": false,
            "duration": 645,
            "state": "passed",
            "speed": "slow",
            "pass": true,
            "fail": false,
            "pending": false,
            "code": "loginPage.sendForm('', '');\nI.seeElement('button[disabled]');",
            "err": {},
            "isRoot": false,
            "uuid": "59220e00-7070-4ac7-985b-12d5af567054",
            "parentUUID": "a9a7b13f-d75f-4ae1-8d1c-9cda08fe1764",
            "isHook": false,
            "skipped": false
          },
          {
            "title": "login with incorrect data @login",
            "fullTitle": "Test login: login with incorrect data @login",
            "timedOut": false,
            "duration": 1252,
            "state": "passed",
            "speed": "slow",
            "pass": true,
            "fail": false,
            "pending": false,
            "code": "let emailIncorrect = \"mail\" + Math.floor(Math.random()*100) + \"@mail.com\";\nlet passwordIncorrect = Math.floor(Math.random()*100);\nloginPage.sendForm(emailIncorrect, passwordIncorrect);\nI.see('Incorrect password or e-mail entered. Please try again.');",
            "err": {},
            "isRoot": false,
            "uuid": "2c1f5520-c6f6-4b36-a8d4-ef5329b62c42",
            "parentUUID": "a9a7b13f-d75f-4ae1-8d1c-9cda08fe1764",
            "isHook": false,
            "skipped": false
          }
        ],
        "pending": [],
        "root": false,
        "_timeout": 0,
        "file": "\\login_test.js",
        "uuid": "a9a7b13f-d75f-4ae1-8d1c-9cda08fe1764",
        "beforeHooks": [
          {
            "title": "\"before all\" hook: codeceptjs.beforeSuite",
            "fullTitle": "Test login: \"before all\" hook: codeceptjs.beforeSuite",
            "timedOut": false,
            "duration": 12,
            "pass": false,
            "fail": false,
            "pending": false,
            "code": "scenario.suiteSetup(suite)",
            "err": {},
            "isRoot": false,
            "uuid": "f92edc8d-2db4-43d2-ba91-477bd5504acc",
            "parentUUID": "a9a7b13f-d75f-4ae1-8d1c-9cda08fe1764",
            "isHook": true,
            "skipped": false
          },
          {
            "title": "\"before each\" hook: codeceptjs.before",
            "fullTitle": "Test login: \"before each\" hook: codeceptjs.before",
            "timedOut": false,
            "duration": 0,
            "pass": false,
            "fail": false,
            "pending": false,
            "code": "scenario.setup(suite)",
            "err": {},
            "isRoot": false,
            "uuid": "41c62cde-4c66-4bca-a659-4a954cc4b4c4",
            "parentUUID": "a9a7b13f-d75f-4ae1-8d1c-9cda08fe1764",
            "isHook": true,
            "skipped": false
          },
          {
            "title": "\"before each\" hook: Before",
            "fullTitle": "Test login: \"before each\" hook: Before",
            "timedOut": false,
            "duration": 596,
            "pass": false,
            "fail": false,
            "pending": false,
            "code": "I.resizeWindow('maximize');\nI.amOnPage('/');",
            "err": {},
            "isRoot": false,
            "uuid": "f9e717af-ad15-4ef5-bc6b-e8c39b6aedd8",
            "parentUUID": "a9a7b13f-d75f-4ae1-8d1c-9cda08fe1764",
            "isHook": true,
            "skipped": false
          }
        ],
        "afterHooks": [
          {
            "title": "\"after all\" hook: codeceptjs.afterSuite",
            "fullTitle": "Test login: \"after all\" hook: codeceptjs.afterSuite",
            "timedOut": false,
            "duration": 1,
            "pass": false,
            "fail": false,
            "pending": false,
            "code": "scenario.suiteTeardown(suite)",
            "err": {},
            "isRoot": false,
            "uuid": "5dc71a0d-699b-4c33-857c-9252c2890c8f",
            "parentUUID": "a9a7b13f-d75f-4ae1-8d1c-9cda08fe1764",
            "isHook": true,
            "skipped": false
          },
          {
            "title": "\"after each\" hook: finalize codeceptjs",
            "fullTitle": "Test login: \"after each\" hook: finalize codeceptjs",
            "timedOut": false,
            "duration": 28,
            "pass": false,
            "fail": false,
            "pending": false,
            "code": "scenario.teardown(suite)",
            "err": {},
            "isRoot": false,
            "uuid": "9ae4a4cb-b63f-44ca-8628-9629d0601652",
            "parentUUID": "a9a7b13f-d75f-4ae1-8d1c-9cda08fe1764",
            "isHook": true,
            "skipped": false
          }
        ],
        "fullFile": "D:\\DPP\\CodeceptJS\\try2\\login_test.js",
        "passes": [
          {
            "title": "test visible @login",
            "fullTitle": "Test login: test visible @login",
            "timedOut": false,
            "duration": 302,
            "state": "passed",
            "speed": "slow",
            "pass": true,
            "fail": false,
            "pending": false,
            "code": "I.seeInTitle('Data processing point');\nI.waitForText('LOGIN TO YOUR ACCOUNT');",
            "err": {},
            "isRoot": false,
            "uuid": "b6d91c0d-1bc8-43fe-a1ab-2aef680ca015",
            "parentUUID": "a9a7b13f-d75f-4ae1-8d1c-9cda08fe1764",
            "isHook": false,
            "skipped": false
          },
          {
            "title": "login positive @login",
            "fullTitle": "Test login: login positive @login",
            "timedOut": false,
            "duration": 1454,
            "state": "passed",
            "speed": "slow",
            "pass": true,
            "fail": false,
            "pending": false,
            "code": "loginPage.sendForm('admin@admin.com', 'qweqwe');\nI.seeInCurrentUrl('/users');",
            "err": {},
            "isRoot": false,
            "uuid": "4285d7de-c3f1-47cc-9b17-d4f59d5d51a3",
            "parentUUID": "a9a7b13f-d75f-4ae1-8d1c-9cda08fe1764",
            "isHook": false,
            "skipped": false
          },
          {
            "title": "login with empty fields @login",
            "fullTitle": "Test login: login with empty fields @login",
            "timedOut": false,
            "duration": 645,
            "state": "passed",
            "speed": "slow",
            "pass": true,
            "fail": false,
            "pending": false,
            "code": "loginPage.sendForm('', '');\nI.seeElement('button[disabled]');",
            "err": {},
            "isRoot": false,
            "uuid": "59220e00-7070-4ac7-985b-12d5af567054",
            "parentUUID": "a9a7b13f-d75f-4ae1-8d1c-9cda08fe1764",
            "isHook": false,
            "skipped": false
          },
          {
            "title": "login with incorrect data @login",
            "fullTitle": "Test login: login with incorrect data @login",
            "timedOut": false,
            "duration": 1252,
            "state": "passed",
            "speed": "slow",
            "pass": true,
            "fail": false,
            "pending": false,
            "code": "let emailIncorrect = \"mail\" + Math.floor(Math.random()*100) + \"@mail.com\";\nlet passwordIncorrect = Math.floor(Math.random()*100);\nloginPage.sendForm(emailIncorrect, passwordIncorrect);\nI.see('Incorrect password or e-mail entered. Please try again.');",
            "err": {},
            "isRoot": false,
            "uuid": "2c1f5520-c6f6-4b36-a8d4-ef5329b62c42",
            "parentUUID": "a9a7b13f-d75f-4ae1-8d1c-9cda08fe1764",
            "isHook": false,
            "skipped": false
          }
        ],
        "failures": [],
        "skipped": [],
        "hasBeforeHooks": true,
        "hasAfterHooks": true,
        "hasTests": true,
        "hasSuites": false,
        "totalTests": 4,
        "totalPasses": 4,
        "totalFailures": 0,
        "totalPending": 0,
        "totalSkipped": 0,
        "hasPasses": true,
        "hasFailures": false,
        "hasPending": false,
        "hasSkipped": false,
        "duration": 3653,
        "rootEmpty": false
      },
      {
        "title": "Partners",
        "suites": [],
        "tests": [
          {
            "title": "create partner @partners",
            "fullTitle": "Partners: create partner @partners",
            "timedOut": false,
            "duration": 4215,
            "state": "passed",
            "speed": "slow",
            "pass": true,
            "fail": false,
            "pending": false,
            "code": "partnersPage.createNewPartner(partnerName, partnerEmail, partnerCompany, partnerPhone, note, operationNumber, institutionIdentifier);\nI.waitForText(partnerName, 5);\nI.see(partnerName);",
            "err": {},
            "isRoot": false,
            "uuid": "1074187c-c28d-42fb-832d-c0e7266d911e",
            "parentUUID": "5b9193a1-5332-42db-b797-4b081b674856",
            "isHook": false,
            "skipped": false
          },
          {
            "title": "edit created partner @partners",
            "fullTitle": "Partners: edit created partner @partners",
            "timedOut": false,
            "duration": 3388,
            "state": "passed",
            "speed": "slow",
            "pass": true,
            "fail": false,
            "pending": false,
            "code": "partnersPage.editCreatedPartner(editPartnerName, editPartnerEmail, editPartnerPhone);\nI.waitForText(editPartnerName, 5);\nI.see(editPartnerName);\nI.see(editPartnerEmail);\nI.see(editPartnerPhone);",
            "err": {},
            "isRoot": false,
            "uuid": "375bc734-626b-4db4-b231-ef9fd3591fc1",
            "parentUUID": "5b9193a1-5332-42db-b797-4b081b674856",
            "isHook": false,
            "skipped": false
          },
          {
            "title": "copy edited partner @partners",
            "fullTitle": "Partners: copy edited partner @partners",
            "timedOut": false,
            "duration": 1307,
            "state": "passed",
            "speed": "slow",
            "pass": true,
            "fail": false,
            "pending": false,
            "code": "partnersPage.copyEditedPartner();\nI.waitForElement('[name=form]');",
            "err": {},
            "isRoot": false,
            "uuid": "f8d56b8a-788e-438c-92ba-91447f049ee5",
            "parentUUID": "5b9193a1-5332-42db-b797-4b081b674856",
            "isHook": false,
            "skipped": false
          },
          {
            "title": "delete created partner @partners",
            "fullTitle": "Partners: delete created partner @partners",
            "timedOut": false,
            "duration": 1652,
            "state": "passed",
            "speed": "slow",
            "pass": true,
            "fail": false,
            "pending": false,
            "code": "partnersPage.deleteCreatedPartner();\nI.dontSee(editPartnerName);",
            "err": {},
            "isRoot": false,
            "uuid": "8055b62e-4ab9-4b7c-ab4f-7b95bd6f77e1",
            "parentUUID": "5b9193a1-5332-42db-b797-4b081b674856",
            "isHook": false,
            "skipped": false
          }
        ],
        "pending": [],
        "root": false,
        "_timeout": 0,
        "file": "\\partners_test.js",
        "uuid": "5b9193a1-5332-42db-b797-4b081b674856",
        "beforeHooks": [
          {
            "title": "\"before all\" hook: codeceptjs.beforeSuite",
            "fullTitle": "Partners: \"before all\" hook: codeceptjs.beforeSuite",
            "timedOut": false,
            "duration": 1,
            "pass": false,
            "fail": false,
            "pending": false,
            "code": "scenario.suiteSetup(suite)",
            "err": {},
            "isRoot": false,
            "uuid": "692a05ca-b402-4868-bd06-6e10f0c29a08",
            "parentUUID": "5b9193a1-5332-42db-b797-4b081b674856",
            "isHook": true,
            "skipped": false
          },
          {
            "title": "\"before each\" hook: codeceptjs.before",
            "fullTitle": "Partners: \"before each\" hook: codeceptjs.before",
            "timedOut": false,
            "duration": 0,
            "pass": false,
            "fail": false,
            "pending": false,
            "code": "scenario.setup(suite)",
            "err": {},
            "isRoot": false,
            "uuid": "30f2cde9-08a8-4f97-adfb-412d0a82aea5",
            "parentUUID": "5b9193a1-5332-42db-b797-4b081b674856",
            "isHook": true,
            "skipped": false
          },
          {
            "title": "\"before each\" hook: Before",
            "fullTitle": "Partners: \"before each\" hook: Before",
            "timedOut": false,
            "duration": 2473,
            "pass": false,
            "fail": false,
            "pending": false,
            "code": "I.resizeWindow('maximize');\nI.amOnPage('/');\nloginPage.sendForm('admin@admin.com', 'qweqwe');\npartnerName = \"user\" + Math.floor(Math.random()*100);\npartnerEmail = \"mail\" + Math.floor(Math.random()*100) + \"@mail.com\";;\npartnerCompany = \"LTD\" + Math.floor(Math.random()*100);\npartnerPhone = Math.floor(Math.random()*1000);\nnote = \"This information about \" + partnerName + \" is very impotent\";\noperationNumber =  Math.floor(Math.random()*1000);\ninstitutionIdentifier = Math.floor(Math.random()*1000);\nI.click('[href=\"/partners\"]');\neditPartnerName = \"Change \" + partnerName;\neditPartnerEmail = \"new_\" + partnerEmail;\neditPartnerPhone = Math.floor(Math.random()*100000);",
            "err": {},
            "isRoot": false,
            "uuid": "89cb70b9-5b60-450f-b814-30832e266fa8",
            "parentUUID": "5b9193a1-5332-42db-b797-4b081b674856",
            "isHook": true,
            "skipped": false
          }
        ],
        "afterHooks": [
          {
            "title": "\"after all\" hook: codeceptjs.afterSuite",
            "fullTitle": "Partners: \"after all\" hook: codeceptjs.afterSuite",
            "timedOut": false,
            "duration": 0,
            "pass": false,
            "fail": false,
            "pending": false,
            "code": "scenario.suiteTeardown(suite)",
            "err": {},
            "isRoot": false,
            "uuid": "74abc362-d494-4ac5-984f-75675961dd51",
            "parentUUID": "5b9193a1-5332-42db-b797-4b081b674856",
            "isHook": true,
            "skipped": false
          },
          {
            "title": "\"after each\" hook: finalize codeceptjs",
            "fullTitle": "Partners: \"after each\" hook: finalize codeceptjs",
            "timedOut": false,
            "duration": 29,
            "pass": false,
            "fail": false,
            "pending": false,
            "code": "scenario.teardown(suite)",
            "err": {},
            "isRoot": false,
            "uuid": "80c405f4-b26e-49b6-b2f5-3368557e45b7",
            "parentUUID": "5b9193a1-5332-42db-b797-4b081b674856",
            "isHook": true,
            "skipped": false
          }
        ],
        "fullFile": "D:\\DPP\\CodeceptJS\\try2\\partners_test.js",
        "passes": [
          {
            "title": "create partner @partners",
            "fullTitle": "Partners: create partner @partners",
            "timedOut": false,
            "duration": 4215,
            "state": "passed",
            "speed": "slow",
            "pass": true,
            "fail": false,
            "pending": false,
            "code": "partnersPage.createNewPartner(partnerName, partnerEmail, partnerCompany, partnerPhone, note, operationNumber, institutionIdentifier);\nI.waitForText(partnerName, 5);\nI.see(partnerName);",
            "err": {},
            "isRoot": false,
            "uuid": "1074187c-c28d-42fb-832d-c0e7266d911e",
            "parentUUID": "5b9193a1-5332-42db-b797-4b081b674856",
            "isHook": false,
            "skipped": false
          },
          {
            "title": "edit created partner @partners",
            "fullTitle": "Partners: edit created partner @partners",
            "timedOut": false,
            "duration": 3388,
            "state": "passed",
            "speed": "slow",
            "pass": true,
            "fail": false,
            "pending": false,
            "code": "partnersPage.editCreatedPartner(editPartnerName, editPartnerEmail, editPartnerPhone);\nI.waitForText(editPartnerName, 5);\nI.see(editPartnerName);\nI.see(editPartnerEmail);\nI.see(editPartnerPhone);",
            "err": {},
            "isRoot": false,
            "uuid": "375bc734-626b-4db4-b231-ef9fd3591fc1",
            "parentUUID": "5b9193a1-5332-42db-b797-4b081b674856",
            "isHook": false,
            "skipped": false
          },
          {
            "title": "copy edited partner @partners",
            "fullTitle": "Partners: copy edited partner @partners",
            "timedOut": false,
            "duration": 1307,
            "state": "passed",
            "speed": "slow",
            "pass": true,
            "fail": false,
            "pending": false,
            "code": "partnersPage.copyEditedPartner();\nI.waitForElement('[name=form]');",
            "err": {},
            "isRoot": false,
            "uuid": "f8d56b8a-788e-438c-92ba-91447f049ee5",
            "parentUUID": "5b9193a1-5332-42db-b797-4b081b674856",
            "isHook": false,
            "skipped": false
          },
          {
            "title": "delete created partner @partners",
            "fullTitle": "Partners: delete created partner @partners",
            "timedOut": false,
            "duration": 1652,
            "state": "passed",
            "speed": "slow",
            "pass": true,
            "fail": false,
            "pending": false,
            "code": "partnersPage.deleteCreatedPartner();\nI.dontSee(editPartnerName);",
            "err": {},
            "isRoot": false,
            "uuid": "8055b62e-4ab9-4b7c-ab4f-7b95bd6f77e1",
            "parentUUID": "5b9193a1-5332-42db-b797-4b081b674856",
            "isHook": false,
            "skipped": false
          }
        ],
        "failures": [],
        "skipped": [],
        "hasBeforeHooks": true,
        "hasAfterHooks": true,
        "hasTests": true,
        "hasSuites": false,
        "totalTests": 4,
        "totalPasses": 4,
        "totalFailures": 0,
        "totalPending": 0,
        "totalSkipped": 0,
        "hasPasses": true,
        "hasFailures": false,
        "hasPending": false,
        "hasSkipped": false,
        "duration": 10562,
        "rootEmpty": false
      },
      {
        "title": "Processing points",
        "suites": [],
        "tests": [
          {
            "title": "As admin I should be able to create new process @process",
            "fullTitle": "Processing points: As admin I should be able to create new process @process",
            "timedOut": false,
            "duration": 10793,
            "state": "passed",
            "speed": "slow",
            "pass": true,
            "fail": false,
            "pending": false,
            "code": "processPage.addProcessingPoint(processName, tagsForProcess, ownerForProcess, descriptionForProcess, user, password, port, host, dir);\nprocessPage.addRulesForProcess(caseName, satisfyRegex, followingActions);\nI.waitForText(processName, 5);",
            "err": {},
            "isRoot": false,
            "uuid": "d5df94d8-7bf9-44fb-9f36-d097b7534848",
            "parentUUID": "f810a586-2970-4f16-afc9-811ecd5aa8a4",
            "isHook": false,
            "skipped": false
          },
          {
            "title": "As admin I should be able to edit created process @process",
            "fullTitle": "Processing points: As admin I should be able to edit created process @process",
            "timedOut": false,
            "duration": 5108,
            "state": "passed",
            "speed": "slow",
            "pass": true,
            "fail": false,
            "pending": false,
            "code": "processPage.editProcess(editProcessName, host);\nI.waitForText(editProcessName, 5);",
            "err": {},
            "isRoot": false,
            "uuid": "1c331c7a-3658-42e2-b90f-de5dadaff084",
            "parentUUID": "f810a586-2970-4f16-afc9-811ecd5aa8a4",
            "isHook": false,
            "skipped": false
          },
          {
            "title": "As admin I should be able to copy created process @process",
            "fullTitle": "Processing points: As admin I should be able to copy created process @process",
            "timedOut": false,
            "duration": 1659,
            "state": "passed",
            "speed": "slow",
            "pass": true,
            "fail": false,
            "pending": false,
            "code": "processPage.copyEditedProcess();\nI.waitForElement('[name=form]');\nI.see('Edit Processing Point');",
            "err": {},
            "isRoot": false,
            "uuid": "4c4c3a77-3bae-4b4c-b72c-d384fbc88330",
            "parentUUID": "f810a586-2970-4f16-afc9-811ecd5aa8a4",
            "isHook": false,
            "skipped": false
          },
          {
            "title": "As admin I should be able to delete created process @process @deleteProcess",
            "fullTitle": "Processing points: As admin I should be able to delete created process @process @deleteProcess",
            "timedOut": false,
            "duration": 1821,
            "state": "failed",
            "pass": false,
            "fail": true,
            "pending": false,
            "context": "\"As_admin_I_5a1b2f44-a283-407d-8ab6-2895255467c6.failed.png\"",
            "code": "processPage.deleteEditProcess();\nI.dontSee(editProcessName);",
            "err": {
              "message": "Error: expected web application not to include \"New Proccess570\"",
              "estack": "expected web application not to include \"New Proccess570\"\n\nScenario Steps:\n\n- I.dontSee(\"New Proccess570\") at Test.Scenario (processing_points_test.js:48:7)\n- I.click(\"fuse-delete-dialog-confirm .mat-button:first-of-type\") at Object.deleteEditProcess (pages\\processPage.js:124:7)\n- I.waitForElement(\"fuse-delete-dialog-confirm .mat-button:first-of-type\", 5) at Object.deleteEditProcess (pages\\processPage.js:123:7)\n- I.click(\"fuse-delete-dialog button:first-of-type\") at Object.deleteEditProcess (pages\\processPage.js:122:7)\n- I.click(\"mat-row:nth-last-of-type(2) button:last-of-type\") at Object.deleteEditProcess (pages\\processPage.js:121:7)\n\n",
              "diff": "- ------\n- delete\n- 1130\n- \u001b[1mNew Proccess570\u001b[22m\n- 5726\n- This information about Proccess570 with this 5726 and this Owner57 is very impotent\n- ------\n+ New Proccess570\n"
            },
            "isRoot": false,
            "uuid": "5a1b2f44-a283-407d-8ab6-2895255467c6",
            "parentUUID": "f810a586-2970-4f16-afc9-811ecd5aa8a4",
            "isHook": false,
            "skipped": false
          }
        ],
        "pending": [],
        "root": false,
        "_timeout": 0,
        "file": "\\processing_points_test.js",
        "uuid": "f810a586-2970-4f16-afc9-811ecd5aa8a4",
        "beforeHooks": [
          {
            "title": "\"before all\" hook: codeceptjs.beforeSuite",
            "fullTitle": "Processing points: \"before all\" hook: codeceptjs.beforeSuite",
            "timedOut": false,
            "duration": 0,
            "pass": false,
            "fail": false,
            "pending": false,
            "code": "scenario.suiteSetup(suite)",
            "err": {},
            "isRoot": false,
            "uuid": "4c277b89-6381-4730-817c-11515aae3827",
            "parentUUID": "f810a586-2970-4f16-afc9-811ecd5aa8a4",
            "isHook": true,
            "skipped": false
          },
          {
            "title": "\"before each\" hook: codeceptjs.before",
            "fullTitle": "Processing points: \"before each\" hook: codeceptjs.before",
            "timedOut": false,
            "duration": 1,
            "pass": false,
            "fail": false,
            "pending": false,
            "code": "scenario.setup(suite)",
            "err": {},
            "isRoot": false,
            "uuid": "1beb3609-0ff9-43de-9d74-11b3968486d8",
            "parentUUID": "f810a586-2970-4f16-afc9-811ecd5aa8a4",
            "isHook": true,
            "skipped": false
          },
          {
            "title": "\"before each\" hook: Before",
            "fullTitle": "Processing points: \"before each\" hook: Before",
            "timedOut": false,
            "duration": 2568,
            "pass": false,
            "fail": false,
            "pending": false,
            "code": "I.resizeWindow('maximize');\nI.amOnPage('/');\nloginPage.sendForm('admin@admin.com', 'qweqwe');\nI.click('[href=\"/points\"]');\n//processName = \"Proccess\" + Math.floor(Math.random()*1000);\ntagsForProcess = Math.floor(Math.random()*10000);\nownerForProcess = \"Owner\" + Math.floor(Math.random()*100);\ndescriptionForProcess = \"This information about \" + processName + \" with this \" + tagsForProcess + \" and this \" + ownerForProcess + \" is very impotent\";\nuser = \"User\" + Math.floor(Math.random()*1000);\npassword =  Date.now();\nport = Math.floor(Math.random()*100);\nhost = port;\ndir = \"localDir \" + port;\ncaseName = \"Rule\" + Math.floor(Math.random()*100);\nsatisfyRegex = '/(.*)\\.txt/';\nfollowingActions = \"mail\" + port + \"@mail.com\";\neditProcessName = \"New \" + processName;",
            "err": {},
            "isRoot": false,
            "uuid": "a461c2d6-db0b-4d20-a805-7856c1815f61",
            "parentUUID": "f810a586-2970-4f16-afc9-811ecd5aa8a4",
            "isHook": true,
            "skipped": false
          }
        ],
        "afterHooks": [
          {
            "title": "\"after all\" hook: codeceptjs.afterSuite",
            "fullTitle": "Processing points: \"after all\" hook: codeceptjs.afterSuite",
            "timedOut": false,
            "duration": 0,
            "pass": false,
            "fail": false,
            "pending": false,
            "code": "scenario.suiteTeardown(suite)",
            "err": {},
            "isRoot": false,
            "uuid": "8b53c4f2-1353-4400-86f3-fdcc490fced3",
            "parentUUID": "f810a586-2970-4f16-afc9-811ecd5aa8a4",
            "isHook": true,
            "skipped": false
          },
          {
            "title": "\"after each\" hook: finalize codeceptjs",
            "fullTitle": "Processing points: \"after each\" hook: finalize codeceptjs",
            "timedOut": false,
            "duration": 24,
            "pass": false,
            "fail": false,
            "pending": false,
            "code": "scenario.teardown(suite)",
            "err": {},
            "isRoot": false,
            "uuid": "dc36cd22-e4e7-4b62-88a5-d379e1f1ea72",
            "parentUUID": "f810a586-2970-4f16-afc9-811ecd5aa8a4",
            "isHook": true,
            "skipped": false
          }
        ],
        "fullFile": "D:\\DPP\\CodeceptJS\\try2\\processing_points_test.js",
        "passes": [
          {
            "title": "As admin I should be able to create new process @process",
            "fullTitle": "Processing points: As admin I should be able to create new process @process",
            "timedOut": false,
            "duration": 10793,
            "state": "passed",
            "speed": "slow",
            "pass": true,
            "fail": false,
            "pending": false,
            "code": "processPage.addProcessingPoint(processName, tagsForProcess, ownerForProcess, descriptionForProcess, user, password, port, host, dir);\nprocessPage.addRulesForProcess(caseName, satisfyRegex, followingActions);\nI.waitForText(processName, 5);",
            "err": {},
            "isRoot": false,
            "uuid": "d5df94d8-7bf9-44fb-9f36-d097b7534848",
            "parentUUID": "f810a586-2970-4f16-afc9-811ecd5aa8a4",
            "isHook": false,
            "skipped": false
          },
          {
            "title": "As admin I should be able to edit created process @process",
            "fullTitle": "Processing points: As admin I should be able to edit created process @process",
            "timedOut": false,
            "duration": 5108,
            "state": "passed",
            "speed": "slow",
            "pass": true,
            "fail": false,
            "pending": false,
            "code": "processPage.editProcess(editProcessName, host);\nI.waitForText(editProcessName, 5);",
            "err": {},
            "isRoot": false,
            "uuid": "1c331c7a-3658-42e2-b90f-de5dadaff084",
            "parentUUID": "f810a586-2970-4f16-afc9-811ecd5aa8a4",
            "isHook": false,
            "skipped": false
          },
          {
            "title": "As admin I should be able to copy created process @process",
            "fullTitle": "Processing points: As admin I should be able to copy created process @process",
            "timedOut": false,
            "duration": 1659,
            "state": "passed",
            "speed": "slow",
            "pass": true,
            "fail": false,
            "pending": false,
            "code": "processPage.copyEditedProcess();\nI.waitForElement('[name=form]');\nI.see('Edit Processing Point');",
            "err": {},
            "isRoot": false,
            "uuid": "4c4c3a77-3bae-4b4c-b72c-d384fbc88330",
            "parentUUID": "f810a586-2970-4f16-afc9-811ecd5aa8a4",
            "isHook": false,
            "skipped": false
          }
        ],
        "failures": [
          {
            "title": "As admin I should be able to delete created process @process @deleteProcess",
            "fullTitle": "Processing points: As admin I should be able to delete created process @process @deleteProcess",
            "timedOut": false,
            "duration": 1821,
            "state": "failed",
            "pass": false,
            "fail": true,
            "pending": false,
            "context": "\"As_admin_I_5a1b2f44-a283-407d-8ab6-2895255467c6.failed.png\"",
            "code": "processPage.deleteEditProcess();\nI.dontSee(editProcessName);",
            "err": {
              "message": "Error: expected web application not to include \"New Proccess570\"",
              "estack": "expected web application not to include \"New Proccess570\"\n\nScenario Steps:\n\n- I.dontSee(\"New Proccess570\") at Test.Scenario (processing_points_test.js:48:7)\n- I.click(\"fuse-delete-dialog-confirm .mat-button:first-of-type\") at Object.deleteEditProcess (pages\\processPage.js:124:7)\n- I.waitForElement(\"fuse-delete-dialog-confirm .mat-button:first-of-type\", 5) at Object.deleteEditProcess (pages\\processPage.js:123:7)\n- I.click(\"fuse-delete-dialog button:first-of-type\") at Object.deleteEditProcess (pages\\processPage.js:122:7)\n- I.click(\"mat-row:nth-last-of-type(2) button:last-of-type\") at Object.deleteEditProcess (pages\\processPage.js:121:7)\n\n",
              "diff": "- ------\n- delete\n- 1130\n- \u001b[1mNew Proccess570\u001b[22m\n- 5726\n- This information about Proccess570 with this 5726 and this Owner57 is very impotent\n- ------\n+ New Proccess570\n"
            },
            "isRoot": false,
            "uuid": "5a1b2f44-a283-407d-8ab6-2895255467c6",
            "parentUUID": "f810a586-2970-4f16-afc9-811ecd5aa8a4",
            "isHook": false,
            "skipped": false
          }
        ],
        "skipped": [],
        "hasBeforeHooks": true,
        "hasAfterHooks": true,
        "hasTests": true,
        "hasSuites": false,
        "totalTests": 4,
        "totalPasses": 3,
        "totalFailures": 1,
        "totalPending": 0,
        "totalSkipped": 0,
        "hasPasses": true,
        "hasFailures": true,
        "hasPending": false,
        "hasSkipped": false,
        "duration": 19381,
        "rootEmpty": false
      },
      {
        "title": "Users",
        "suites": [],
        "tests": [
          {
            "title": "create user @users",
            "fullTitle": "Users: create user @users",
            "timedOut": false,
            "duration": 3647,
            "state": "passed",
            "speed": "slow",
            "pass": true,
            "fail": false,
            "pending": false,
            "code": "usersPage.createNewUser(userName, userEmail, userPassword, userPhone);\nI.waitForText(userName, 5);\nI.see(userName);",
            "err": {},
            "isRoot": false,
            "uuid": "27d04fc6-998d-469c-91dd-be552f639e75",
            "parentUUID": "ac6c6a85-3016-4c6b-8397-51b244f16e69",
            "isHook": false,
            "skipped": false
          },
          {
            "title": "edit created user @users",
            "fullTitle": "Users: edit created user @users",
            "timedOut": false,
            "duration": 2542,
            "state": "passed",
            "speed": "slow",
            "pass": true,
            "fail": false,
            "pending": false,
            "code": "usersPage.editCreatedUser(editUserName);\nI.waitForText(editUserName, 5);\nI.see(editUserName);",
            "err": {},
            "isRoot": false,
            "uuid": "a988f4a3-4185-4df2-9720-8a0bfddad726",
            "parentUUID": "ac6c6a85-3016-4c6b-8397-51b244f16e69",
            "isHook": false,
            "skipped": false
          },
          {
            "title": "delete created user @users",
            "fullTitle": "Users: delete created user @users",
            "timedOut": false,
            "duration": 1928,
            "state": "passed",
            "speed": "slow",
            "pass": true,
            "fail": false,
            "pending": false,
            "code": "usersPage.deleteCreatedUser();\nI.dontSee(editUserName);",
            "err": {},
            "isRoot": false,
            "uuid": "b6638950-1718-45eb-9ee3-1717c73e377a",
            "parentUUID": "ac6c6a85-3016-4c6b-8397-51b244f16e69",
            "isHook": false,
            "skipped": false
          }
        ],
        "pending": [],
        "root": false,
        "_timeout": 0,
        "file": "\\users_test.js",
        "uuid": "ac6c6a85-3016-4c6b-8397-51b244f16e69",
        "beforeHooks": [
          {
            "title": "\"before all\" hook: codeceptjs.beforeSuite",
            "fullTitle": "Users: \"before all\" hook: codeceptjs.beforeSuite",
            "timedOut": false,
            "duration": 0,
            "pass": false,
            "fail": false,
            "pending": false,
            "code": "scenario.suiteSetup(suite)",
            "err": {},
            "isRoot": false,
            "uuid": "7a125b11-7171-4396-8be3-ce75b3fc7c29",
            "parentUUID": "ac6c6a85-3016-4c6b-8397-51b244f16e69",
            "isHook": true,
            "skipped": false
          },
          {
            "title": "\"before each\" hook: codeceptjs.before",
            "fullTitle": "Users: \"before each\" hook: codeceptjs.before",
            "timedOut": false,
            "duration": 0,
            "pass": false,
            "fail": false,
            "pending": false,
            "code": "scenario.setup(suite)",
            "err": {},
            "isRoot": false,
            "uuid": "aba0d8a8-32d5-4be0-b76e-a66dc67b7b6a",
            "parentUUID": "ac6c6a85-3016-4c6b-8397-51b244f16e69",
            "isHook": true,
            "skipped": false
          },
          {
            "title": "\"before each\" hook: Before",
            "fullTitle": "Users: \"before each\" hook: Before",
            "timedOut": false,
            "duration": 1304,
            "pass": false,
            "fail": false,
            "pending": false,
            "code": "I.resizeWindow('maximize');\nI.amOnPage('/');\nloginPage.sendForm('admin@admin.com', 'qweqwe');\nuserName = \"user\" + Math.floor(Math.random()*100);\nuserEmail = \"mail\" + Math.floor(Math.random()*100) + \"@mail.com\";\nuserPassword = \"password\" + Math.floor(Math.random()*100);\nuserPhone = Math.floor(Math.random()*100) + \"-\" + Math.floor(Math.random()*100);\neditUserName = \"Change \" + userName;",
            "err": {},
            "isRoot": false,
            "uuid": "59f70d34-2abf-4daf-ba34-0f4357214aa8",
            "parentUUID": "ac6c6a85-3016-4c6b-8397-51b244f16e69",
            "isHook": true,
            "skipped": false
          }
        ],
        "afterHooks": [
          {
            "title": "\"after all\" hook: codeceptjs.afterSuite",
            "fullTitle": "Users: \"after all\" hook: codeceptjs.afterSuite",
            "timedOut": false,
            "duration": 0,
            "pass": false,
            "fail": false,
            "pending": false,
            "code": "scenario.suiteTeardown(suite)",
            "err": {},
            "isRoot": false,
            "uuid": "7758c5ff-403f-487a-b80c-f32b04172f8d",
            "parentUUID": "ac6c6a85-3016-4c6b-8397-51b244f16e69",
            "isHook": true,
            "skipped": false
          },
          {
            "title": "\"after each\" hook: finalize codeceptjs",
            "fullTitle": "Users: \"after each\" hook: finalize codeceptjs",
            "timedOut": false,
            "duration": 23,
            "pass": false,
            "fail": false,
            "pending": false,
            "code": "scenario.teardown(suite)",
            "err": {},
            "isRoot": false,
            "uuid": "699554a9-981c-4c24-a6af-40a1e5d42361",
            "parentUUID": "ac6c6a85-3016-4c6b-8397-51b244f16e69",
            "isHook": true,
            "skipped": false
          }
        ],
        "fullFile": "D:\\DPP\\CodeceptJS\\try2\\users_test.js",
        "passes": [
          {
            "title": "create user @users",
            "fullTitle": "Users: create user @users",
            "timedOut": false,
            "duration": 3647,
            "state": "passed",
            "speed": "slow",
            "pass": true,
            "fail": false,
            "pending": false,
            "code": "usersPage.createNewUser(userName, userEmail, userPassword, userPhone);\nI.waitForText(userName, 5);\nI.see(userName);",
            "err": {},
            "isRoot": false,
            "uuid": "27d04fc6-998d-469c-91dd-be552f639e75",
            "parentUUID": "ac6c6a85-3016-4c6b-8397-51b244f16e69",
            "isHook": false,
            "skipped": false
          },
          {
            "title": "edit created user @users",
            "fullTitle": "Users: edit created user @users",
            "timedOut": false,
            "duration": 2542,
            "state": "passed",
            "speed": "slow",
            "pass": true,
            "fail": false,
            "pending": false,
            "code": "usersPage.editCreatedUser(editUserName);\nI.waitForText(editUserName, 5);\nI.see(editUserName);",
            "err": {},
            "isRoot": false,
            "uuid": "a988f4a3-4185-4df2-9720-8a0bfddad726",
            "parentUUID": "ac6c6a85-3016-4c6b-8397-51b244f16e69",
            "isHook": false,
            "skipped": false
          },
          {
            "title": "delete created user @users",
            "fullTitle": "Users: delete created user @users",
            "timedOut": false,
            "duration": 1928,
            "state": "passed",
            "speed": "slow",
            "pass": true,
            "fail": false,
            "pending": false,
            "code": "usersPage.deleteCreatedUser();\nI.dontSee(editUserName);",
            "err": {},
            "isRoot": false,
            "uuid": "b6638950-1718-45eb-9ee3-1717c73e377a",
            "parentUUID": "ac6c6a85-3016-4c6b-8397-51b244f16e69",
            "isHook": false,
            "skipped": false
          }
        ],
        "failures": [],
        "skipped": [],
        "hasBeforeHooks": true,
        "hasAfterHooks": true,
        "hasTests": true,
        "hasSuites": false,
        "totalTests": 3,
        "totalPasses": 3,
        "totalFailures": 0,
        "totalPending": 0,
        "totalSkipped": 0,
        "hasPasses": true,
        "hasFailures": false,
        "hasPending": false,
        "hasSkipped": false,
        "duration": 8117,
        "rootEmpty": false
      }
    ],
    "tests": [],
    "pending": [],
    "root": true,
    "_timeout": 0,
    "uuid": "d3f63960-bd64-4c3c-a808-2db6bf738dd8",
    "beforeHooks": [],
    "afterHooks": [],
    "fullFile": "",
    "file": "",
    "passes": [],
    "failures": [],
    "skipped": [],
    "hasBeforeHooks": false,
    "hasAfterHooks": false,
    "hasTests": false,
    "hasSuites": true,
    "totalTests": 0,
    "totalPasses": 0,
    "totalFailures": 0,
    "totalPending": 0,
    "totalSkipped": 0,
    "hasPasses": false,
    "hasFailures": false,
    "hasPending": false,
    "hasSkipped": false,
    "duration": 0,
    "rootEmpty": true
  },
  "allTests": [
    {
      "title": "test visible @login",
      "fullTitle": "Test login: test visible @login",
      "timedOut": false,
      "duration": 302,
      "state": "passed",
      "speed": "slow",
      "pass": true,
      "fail": false,
      "pending": false,
      "code": "I.seeInTitle('Data processing point');\nI.waitForText('LOGIN TO YOUR ACCOUNT');",
      "err": {},
      "isRoot": false,
      "uuid": "b6d91c0d-1bc8-43fe-a1ab-2aef680ca015",
      "parentUUID": "a9a7b13f-d75f-4ae1-8d1c-9cda08fe1764",
      "isHook": false,
      "skipped": false
    },
    {
      "title": "login positive @login",
      "fullTitle": "Test login: login positive @login",
      "timedOut": false,
      "duration": 1454,
      "state": "passed",
      "speed": "slow",
      "pass": true,
      "fail": false,
      "pending": false,
      "code": "loginPage.sendForm('admin@admin.com', 'qweqwe');\nI.seeInCurrentUrl('/users');",
      "err": {},
      "isRoot": false,
      "uuid": "4285d7de-c3f1-47cc-9b17-d4f59d5d51a3",
      "parentUUID": "a9a7b13f-d75f-4ae1-8d1c-9cda08fe1764",
      "isHook": false,
      "skipped": false
    },
    {
      "title": "login with empty fields @login",
      "fullTitle": "Test login: login with empty fields @login",
      "timedOut": false,
      "duration": 645,
      "state": "passed",
      "speed": "slow",
      "pass": true,
      "fail": false,
      "pending": false,
      "code": "loginPage.sendForm('', '');\nI.seeElement('button[disabled]');",
      "err": {},
      "isRoot": false,
      "uuid": "59220e00-7070-4ac7-985b-12d5af567054",
      "parentUUID": "a9a7b13f-d75f-4ae1-8d1c-9cda08fe1764",
      "isHook": false,
      "skipped": false
    },
    {
      "title": "login with incorrect data @login",
      "fullTitle": "Test login: login with incorrect data @login",
      "timedOut": false,
      "duration": 1252,
      "state": "passed",
      "speed": "slow",
      "pass": true,
      "fail": false,
      "pending": false,
      "code": "let emailIncorrect = \"mail\" + Math.floor(Math.random()*100) + \"@mail.com\";\nlet passwordIncorrect = Math.floor(Math.random()*100);\nloginPage.sendForm(emailIncorrect, passwordIncorrect);\nI.see('Incorrect password or e-mail entered. Please try again.');",
      "err": {},
      "isRoot": false,
      "uuid": "2c1f5520-c6f6-4b36-a8d4-ef5329b62c42",
      "parentUUID": "a9a7b13f-d75f-4ae1-8d1c-9cda08fe1764",
      "isHook": false,
      "skipped": false
    },
    {
      "title": "create partner @partners",
      "fullTitle": "Partners: create partner @partners",
      "timedOut": false,
      "duration": 4215,
      "state": "passed",
      "speed": "slow",
      "pass": true,
      "fail": false,
      "pending": false,
      "code": "partnersPage.createNewPartner(partnerName, partnerEmail, partnerCompany, partnerPhone, note, operationNumber, institutionIdentifier);\nI.waitForText(partnerName, 5);\nI.see(partnerName);",
      "err": {},
      "isRoot": false,
      "uuid": "1074187c-c28d-42fb-832d-c0e7266d911e",
      "parentUUID": "5b9193a1-5332-42db-b797-4b081b674856",
      "isHook": false,
      "skipped": false
    },
    {
      "title": "edit created partner @partners",
      "fullTitle": "Partners: edit created partner @partners",
      "timedOut": false,
      "duration": 3388,
      "state": "passed",
      "speed": "slow",
      "pass": true,
      "fail": false,
      "pending": false,
      "code": "partnersPage.editCreatedPartner(editPartnerName, editPartnerEmail, editPartnerPhone);\nI.waitForText(editPartnerName, 5);\nI.see(editPartnerName);\nI.see(editPartnerEmail);\nI.see(editPartnerPhone);",
      "err": {},
      "isRoot": false,
      "uuid": "375bc734-626b-4db4-b231-ef9fd3591fc1",
      "parentUUID": "5b9193a1-5332-42db-b797-4b081b674856",
      "isHook": false,
      "skipped": false
    },
    {
      "title": "copy edited partner @partners",
      "fullTitle": "Partners: copy edited partner @partners",
      "timedOut": false,
      "duration": 1307,
      "state": "passed",
      "speed": "slow",
      "pass": true,
      "fail": false,
      "pending": false,
      "code": "partnersPage.copyEditedPartner();\nI.waitForElement('[name=form]');",
      "err": {},
      "isRoot": false,
      "uuid": "f8d56b8a-788e-438c-92ba-91447f049ee5",
      "parentUUID": "5b9193a1-5332-42db-b797-4b081b674856",
      "isHook": false,
      "skipped": false
    },
    {
      "title": "delete created partner @partners",
      "fullTitle": "Partners: delete created partner @partners",
      "timedOut": false,
      "duration": 1652,
      "state": "passed",
      "speed": "slow",
      "pass": true,
      "fail": false,
      "pending": false,
      "code": "partnersPage.deleteCreatedPartner();\nI.dontSee(editPartnerName);",
      "err": {},
      "isRoot": false,
      "uuid": "8055b62e-4ab9-4b7c-ab4f-7b95bd6f77e1",
      "parentUUID": "5b9193a1-5332-42db-b797-4b081b674856",
      "isHook": false,
      "skipped": false
    },
    {
      "title": "As admin I should be able to create new process @process",
      "fullTitle": "Processing points: As admin I should be able to create new process @process",
      "timedOut": false,
      "duration": 10793,
      "state": "passed",
      "speed": "slow",
      "pass": true,
      "fail": false,
      "pending": false,
      "code": "processPage.addProcessingPoint(processName, tagsForProcess, ownerForProcess, descriptionForProcess, user, password, port, host, dir);\nprocessPage.addRulesForProcess(caseName, satisfyRegex, followingActions);\nI.waitForText(processName, 5);",
      "err": {},
      "isRoot": false,
      "uuid": "d5df94d8-7bf9-44fb-9f36-d097b7534848",
      "parentUUID": "f810a586-2970-4f16-afc9-811ecd5aa8a4",
      "isHook": false,
      "skipped": false
    },
    {
      "title": "As admin I should be able to edit created process @process",
      "fullTitle": "Processing points: As admin I should be able to edit created process @process",
      "timedOut": false,
      "duration": 5108,
      "state": "passed",
      "speed": "slow",
      "pass": true,
      "fail": false,
      "pending": false,
      "code": "processPage.editProcess(editProcessName, host);\nI.waitForText(editProcessName, 5);",
      "err": {},
      "isRoot": false,
      "uuid": "1c331c7a-3658-42e2-b90f-de5dadaff084",
      "parentUUID": "f810a586-2970-4f16-afc9-811ecd5aa8a4",
      "isHook": false,
      "skipped": false
    },
    {
      "title": "As admin I should be able to copy created process @process",
      "fullTitle": "Processing points: As admin I should be able to copy created process @process",
      "timedOut": false,
      "duration": 1659,
      "state": "passed",
      "speed": "slow",
      "pass": true,
      "fail": false,
      "pending": false,
      "code": "processPage.copyEditedProcess();\nI.waitForElement('[name=form]');\nI.see('Edit Processing Point');",
      "err": {},
      "isRoot": false,
      "uuid": "4c4c3a77-3bae-4b4c-b72c-d384fbc88330",
      "parentUUID": "f810a586-2970-4f16-afc9-811ecd5aa8a4",
      "isHook": false,
      "skipped": false
    },
    {
      "title": "As admin I should be able to delete created process @process @deleteProcess",
      "fullTitle": "Processing points: As admin I should be able to delete created process @process @deleteProcess",
      "timedOut": false,
      "duration": 1821,
      "state": "failed",
      "pass": false,
      "fail": true,
      "pending": false,
      "context": "\"As_admin_I_5a1b2f44-a283-407d-8ab6-2895255467c6.failed.png\"",
      "code": "processPage.deleteEditProcess();\nI.dontSee(editProcessName);",
      "err": {
        "message": "Error: expected web application not to include \"New Proccess570\"",
        "estack": "expected web application not to include \"New Proccess570\"\n\nScenario Steps:\n\n- I.dontSee(\"New Proccess570\") at Test.Scenario (processing_points_test.js:48:7)\n- I.click(\"fuse-delete-dialog-confirm .mat-button:first-of-type\") at Object.deleteEditProcess (pages\\processPage.js:124:7)\n- I.waitForElement(\"fuse-delete-dialog-confirm .mat-button:first-of-type\", 5) at Object.deleteEditProcess (pages\\processPage.js:123:7)\n- I.click(\"fuse-delete-dialog button:first-of-type\") at Object.deleteEditProcess (pages\\processPage.js:122:7)\n- I.click(\"mat-row:nth-last-of-type(2) button:last-of-type\") at Object.deleteEditProcess (pages\\processPage.js:121:7)\n\n",
        "diff": "- ------\n- delete\n- 1130\n- \u001b[1mNew Proccess570\u001b[22m\n- 5726\n- This information about Proccess570 with this 5726 and this Owner57 is very impotent\n- ------\n+ New Proccess570\n"
      },
      "isRoot": false,
      "uuid": "5a1b2f44-a283-407d-8ab6-2895255467c6",
      "parentUUID": "f810a586-2970-4f16-afc9-811ecd5aa8a4",
      "isHook": false,
      "skipped": false
    },
    {
      "title": "create user @users",
      "fullTitle": "Users: create user @users",
      "timedOut": false,
      "duration": 3647,
      "state": "passed",
      "speed": "slow",
      "pass": true,
      "fail": false,
      "pending": false,
      "code": "usersPage.createNewUser(userName, userEmail, userPassword, userPhone);\nI.waitForText(userName, 5);\nI.see(userName);",
      "err": {},
      "isRoot": false,
      "uuid": "27d04fc6-998d-469c-91dd-be552f639e75",
      "parentUUID": "ac6c6a85-3016-4c6b-8397-51b244f16e69",
      "isHook": false,
      "skipped": false
    },
    {
      "title": "edit created user @users",
      "fullTitle": "Users: edit created user @users",
      "timedOut": false,
      "duration": 2542,
      "state": "passed",
      "speed": "slow",
      "pass": true,
      "fail": false,
      "pending": false,
      "code": "usersPage.editCreatedUser(editUserName);\nI.waitForText(editUserName, 5);\nI.see(editUserName);",
      "err": {},
      "isRoot": false,
      "uuid": "a988f4a3-4185-4df2-9720-8a0bfddad726",
      "parentUUID": "ac6c6a85-3016-4c6b-8397-51b244f16e69",
      "isHook": false,
      "skipped": false
    },
    {
      "title": "delete created user @users",
      "fullTitle": "Users: delete created user @users",
      "timedOut": false,
      "duration": 1928,
      "state": "passed",
      "speed": "slow",
      "pass": true,
      "fail": false,
      "pending": false,
      "code": "usersPage.deleteCreatedUser();\nI.dontSee(editUserName);",
      "err": {},
      "isRoot": false,
      "uuid": "b6638950-1718-45eb-9ee3-1717c73e377a",
      "parentUUID": "ac6c6a85-3016-4c6b-8397-51b244f16e69",
      "isHook": false,
      "skipped": false
    }
  ],
  "allPending": [],
  "allPasses": [
    {
      "title": "test visible @login",
      "fullTitle": "Test login: test visible @login",
      "timedOut": false,
      "duration": 302,
      "state": "passed",
      "speed": "slow",
      "pass": true,
      "fail": false,
      "pending": false,
      "code": "I.seeInTitle('Data processing point');\nI.waitForText('LOGIN TO YOUR ACCOUNT');",
      "err": {},
      "isRoot": false,
      "uuid": "b6d91c0d-1bc8-43fe-a1ab-2aef680ca015",
      "parentUUID": "a9a7b13f-d75f-4ae1-8d1c-9cda08fe1764",
      "isHook": false,
      "skipped": false
    },
    {
      "title": "login positive @login",
      "fullTitle": "Test login: login positive @login",
      "timedOut": false,
      "duration": 1454,
      "state": "passed",
      "speed": "slow",
      "pass": true,
      "fail": false,
      "pending": false,
      "code": "loginPage.sendForm('admin@admin.com', 'qweqwe');\nI.seeInCurrentUrl('/users');",
      "err": {},
      "isRoot": false,
      "uuid": "4285d7de-c3f1-47cc-9b17-d4f59d5d51a3",
      "parentUUID": "a9a7b13f-d75f-4ae1-8d1c-9cda08fe1764",
      "isHook": false,
      "skipped": false
    },
    {
      "title": "login with empty fields @login",
      "fullTitle": "Test login: login with empty fields @login",
      "timedOut": false,
      "duration": 645,
      "state": "passed",
      "speed": "slow",
      "pass": true,
      "fail": false,
      "pending": false,
      "code": "loginPage.sendForm('', '');\nI.seeElement('button[disabled]');",
      "err": {},
      "isRoot": false,
      "uuid": "59220e00-7070-4ac7-985b-12d5af567054",
      "parentUUID": "a9a7b13f-d75f-4ae1-8d1c-9cda08fe1764",
      "isHook": false,
      "skipped": false
    },
    {
      "title": "login with incorrect data @login",
      "fullTitle": "Test login: login with incorrect data @login",
      "timedOut": false,
      "duration": 1252,
      "state": "passed",
      "speed": "slow",
      "pass": true,
      "fail": false,
      "pending": false,
      "code": "let emailIncorrect = \"mail\" + Math.floor(Math.random()*100) + \"@mail.com\";\nlet passwordIncorrect = Math.floor(Math.random()*100);\nloginPage.sendForm(emailIncorrect, passwordIncorrect);\nI.see('Incorrect password or e-mail entered. Please try again.');",
      "err": {},
      "isRoot": false,
      "uuid": "2c1f5520-c6f6-4b36-a8d4-ef5329b62c42",
      "parentUUID": "a9a7b13f-d75f-4ae1-8d1c-9cda08fe1764",
      "isHook": false,
      "skipped": false
    },
    {
      "title": "create partner @partners",
      "fullTitle": "Partners: create partner @partners",
      "timedOut": false,
      "duration": 4215,
      "state": "passed",
      "speed": "slow",
      "pass": true,
      "fail": false,
      "pending": false,
      "code": "partnersPage.createNewPartner(partnerName, partnerEmail, partnerCompany, partnerPhone, note, operationNumber, institutionIdentifier);\nI.waitForText(partnerName, 5);\nI.see(partnerName);",
      "err": {},
      "isRoot": false,
      "uuid": "1074187c-c28d-42fb-832d-c0e7266d911e",
      "parentUUID": "5b9193a1-5332-42db-b797-4b081b674856",
      "isHook": false,
      "skipped": false
    },
    {
      "title": "edit created partner @partners",
      "fullTitle": "Partners: edit created partner @partners",
      "timedOut": false,
      "duration": 3388,
      "state": "passed",
      "speed": "slow",
      "pass": true,
      "fail": false,
      "pending": false,
      "code": "partnersPage.editCreatedPartner(editPartnerName, editPartnerEmail, editPartnerPhone);\nI.waitForText(editPartnerName, 5);\nI.see(editPartnerName);\nI.see(editPartnerEmail);\nI.see(editPartnerPhone);",
      "err": {},
      "isRoot": false,
      "uuid": "375bc734-626b-4db4-b231-ef9fd3591fc1",
      "parentUUID": "5b9193a1-5332-42db-b797-4b081b674856",
      "isHook": false,
      "skipped": false
    },
    {
      "title": "copy edited partner @partners",
      "fullTitle": "Partners: copy edited partner @partners",
      "timedOut": false,
      "duration": 1307,
      "state": "passed",
      "speed": "slow",
      "pass": true,
      "fail": false,
      "pending": false,
      "code": "partnersPage.copyEditedPartner();\nI.waitForElement('[name=form]');",
      "err": {},
      "isRoot": false,
      "uuid": "f8d56b8a-788e-438c-92ba-91447f049ee5",
      "parentUUID": "5b9193a1-5332-42db-b797-4b081b674856",
      "isHook": false,
      "skipped": false
    },
    {
      "title": "delete created partner @partners",
      "fullTitle": "Partners: delete created partner @partners",
      "timedOut": false,
      "duration": 1652,
      "state": "passed",
      "speed": "slow",
      "pass": true,
      "fail": false,
      "pending": false,
      "code": "partnersPage.deleteCreatedPartner();\nI.dontSee(editPartnerName);",
      "err": {},
      "isRoot": false,
      "uuid": "8055b62e-4ab9-4b7c-ab4f-7b95bd6f77e1",
      "parentUUID": "5b9193a1-5332-42db-b797-4b081b674856",
      "isHook": false,
      "skipped": false
    },
    {
      "title": "As admin I should be able to create new process @process",
      "fullTitle": "Processing points: As admin I should be able to create new process @process",
      "timedOut": false,
      "duration": 10793,
      "state": "passed",
      "speed": "slow",
      "pass": true,
      "fail": false,
      "pending": false,
      "code": "processPage.addProcessingPoint(processName, tagsForProcess, ownerForProcess, descriptionForProcess, user, password, port, host, dir);\nprocessPage.addRulesForProcess(caseName, satisfyRegex, followingActions);\nI.waitForText(processName, 5);",
      "err": {},
      "isRoot": false,
      "uuid": "d5df94d8-7bf9-44fb-9f36-d097b7534848",
      "parentUUID": "f810a586-2970-4f16-afc9-811ecd5aa8a4",
      "isHook": false,
      "skipped": false
    },
    {
      "title": "As admin I should be able to edit created process @process",
      "fullTitle": "Processing points: As admin I should be able to edit created process @process",
      "timedOut": false,
      "duration": 5108,
      "state": "passed",
      "speed": "slow",
      "pass": true,
      "fail": false,
      "pending": false,
      "code": "processPage.editProcess(editProcessName, host);\nI.waitForText(editProcessName, 5);",
      "err": {},
      "isRoot": false,
      "uuid": "1c331c7a-3658-42e2-b90f-de5dadaff084",
      "parentUUID": "f810a586-2970-4f16-afc9-811ecd5aa8a4",
      "isHook": false,
      "skipped": false
    },
    {
      "title": "As admin I should be able to copy created process @process",
      "fullTitle": "Processing points: As admin I should be able to copy created process @process",
      "timedOut": false,
      "duration": 1659,
      "state": "passed",
      "speed": "slow",
      "pass": true,
      "fail": false,
      "pending": false,
      "code": "processPage.copyEditedProcess();\nI.waitForElement('[name=form]');\nI.see('Edit Processing Point');",
      "err": {},
      "isRoot": false,
      "uuid": "4c4c3a77-3bae-4b4c-b72c-d384fbc88330",
      "parentUUID": "f810a586-2970-4f16-afc9-811ecd5aa8a4",
      "isHook": false,
      "skipped": false
    },
    {
      "title": "create user @users",
      "fullTitle": "Users: create user @users",
      "timedOut": false,
      "duration": 3647,
      "state": "passed",
      "speed": "slow",
      "pass": true,
      "fail": false,
      "pending": false,
      "code": "usersPage.createNewUser(userName, userEmail, userPassword, userPhone);\nI.waitForText(userName, 5);\nI.see(userName);",
      "err": {},
      "isRoot": false,
      "uuid": "27d04fc6-998d-469c-91dd-be552f639e75",
      "parentUUID": "ac6c6a85-3016-4c6b-8397-51b244f16e69",
      "isHook": false,
      "skipped": false
    },
    {
      "title": "edit created user @users",
      "fullTitle": "Users: edit created user @users",
      "timedOut": false,
      "duration": 2542,
      "state": "passed",
      "speed": "slow",
      "pass": true,
      "fail": false,
      "pending": false,
      "code": "usersPage.editCreatedUser(editUserName);\nI.waitForText(editUserName, 5);\nI.see(editUserName);",
      "err": {},
      "isRoot": false,
      "uuid": "a988f4a3-4185-4df2-9720-8a0bfddad726",
      "parentUUID": "ac6c6a85-3016-4c6b-8397-51b244f16e69",
      "isHook": false,
      "skipped": false
    },
    {
      "title": "delete created user @users",
      "fullTitle": "Users: delete created user @users",
      "timedOut": false,
      "duration": 1928,
      "state": "passed",
      "speed": "slow",
      "pass": true,
      "fail": false,
      "pending": false,
      "code": "usersPage.deleteCreatedUser();\nI.dontSee(editUserName);",
      "err": {},
      "isRoot": false,
      "uuid": "b6638950-1718-45eb-9ee3-1717c73e377a",
      "parentUUID": "ac6c6a85-3016-4c6b-8397-51b244f16e69",
      "isHook": false,
      "skipped": false
    }
  ],
  "allFailures": [
    {
      "title": "As admin I should be able to delete created process @process @deleteProcess",
      "fullTitle": "Processing points: As admin I should be able to delete created process @process @deleteProcess",
      "timedOut": false,
      "duration": 1821,
      "state": "failed",
      "pass": false,
      "fail": true,
      "pending": false,
      "context": "\"As_admin_I_5a1b2f44-a283-407d-8ab6-2895255467c6.failed.png\"",
      "code": "processPage.deleteEditProcess();\nI.dontSee(editProcessName);",
      "err": {
        "message": "Error: expected web application not to include \"New Proccess570\"",
        "estack": "expected web application not to include \"New Proccess570\"\n\nScenario Steps:\n\n- I.dontSee(\"New Proccess570\") at Test.Scenario (processing_points_test.js:48:7)\n- I.click(\"fuse-delete-dialog-confirm .mat-button:first-of-type\") at Object.deleteEditProcess (pages\\processPage.js:124:7)\n- I.waitForElement(\"fuse-delete-dialog-confirm .mat-button:first-of-type\", 5) at Object.deleteEditProcess (pages\\processPage.js:123:7)\n- I.click(\"fuse-delete-dialog button:first-of-type\") at Object.deleteEditProcess (pages\\processPage.js:122:7)\n- I.click(\"mat-row:nth-last-of-type(2) button:last-of-type\") at Object.deleteEditProcess (pages\\processPage.js:121:7)\n\n",
        "diff": "- ------\n- delete\n- 1130\n- \u001b[1mNew Proccess570\u001b[22m\n- 5726\n- This information about Proccess570 with this 5726 and this Owner57 is very impotent\n- ------\n+ New Proccess570\n"
      },
      "isRoot": false,
      "uuid": "5a1b2f44-a283-407d-8ab6-2895255467c6",
      "parentUUID": "f810a586-2970-4f16-afc9-811ecd5aa8a4",
      "isHook": false,
      "skipped": false
    }
  ],
  "copyrightYear": 2017
}